This is pdfTeX, Version 3.14159265-2.6-1.40.18 (TeX Live 2017/Debian) (preloaded format=pdflatex 2020.5.2)  8 MAY 2020 17:00
entering extended mode
 restricted \write18 enabled.
 %&-line parsing enabled.
**main.tex
(./main.tex
LaTeX2e <2017-04-15>
Babel <3.18> and hyphenation patterns for 84 language(s) loaded.
(/usr/share/texlive/texmf-dist/tex/latex/revtex/revtex4-1.cls
Document Class: revtex4-1 2010/07/25/20:33:00 4.1r (http://publish.aps.org/revt
ex4/ for documentation)
 Copyright (c) 2009 The American Physical Society.
 mailto:revtex@aps.org
 Licensed under the LPPL:
http://www.ctan.org/tex-archive/macros/latex/base/lppl.txt
 Arthur Ogawa <arthur_ogawa at sbcglobal dot net>
 Based on work by David Carlisle <david at dcarlisle.demon.co.uk>.
ltxutil[2010/07/25/20:33:00 4.1r utilities package (portions licensed from W. E
. Baxter web at superscript.com)]
LaTeX Info: Redefining \@centercr on input line 308.
Class revtex4-1 Info: Repairing broken LaTeX eqnarray on input line 358.
\eqncolsep=\skip41
Class revtex4-1 Info: Repairing hyperref-unfriendly LaTeX definition of \mpfoot
note on input line 433.
Class revtex4-1 Info: Repairing broken LateX \@sect on input line 755.
\intertabularlinepenalty=\count79
\@tbpen=\count80
\@arstrutbox@hline=\box26
Class revtex4-1 Info: Repairing broken LaTeX \@xbitor on input line 1786.
Class revtex4-1 Info: Making \typeout \long on input line 2046.
ltxfront[2010/07/25/20:33:00 4.1r frontmatter package (AO,DPC)]
\c@affil=\count81
\c@collab=\count82
\absbox=\box27
ltxgrid[2010/07/25/20:33:00 4.1r page grid package (portions licensed from W. E
. Baxter web at superscript.com)]
\c@linecount=\count83
\output@latex=\toks14
\box@size@1=\box28
\box@size@2=\box29
\@protection@box=\box30
\@topmark@saved=\toks15
\footins@saved=\box31
\footins@recovered=\box32
\column@recovered=\box33
\pagesofar=\box34
\footsofar=\box35
\pagegrid@col=\count84
Class revtex4-1 Info: Overriding \@vspace, \@vspacer, \@no@pgbk, \@newline, and
 \\  on input line 5578.
\c@part=\count85
\c@section=\count86
\c@subsection=\count87
\c@subsubsection=\count88
\c@paragraph=\count89
\c@subparagraph=\count90
\abovecaptionskip=\skip42
\belowcaptionskip=\skip43
\c@figure=\count91
\fbox@1=\box36
\c@table=\count92
\fbox@2=\box37
\c@video=\count93
\fbox@4=\box38
\@bibdataout=\write3
\widetext@top=\box39
\widetext@bot=\box40

Class revtex4-1 Warning: No Society specified, using default society aps.

(/usr/share/texlive/texmf-dist/tex/latex/revtex/aps4-1.rtx
File: aps4-1 2010/07/25/20:33:00 4.1r (http://publish.aps.org/revtex4/ for docu
mentation)
Class revtex4-1 Info: RevTeX society APS selected on input line 31.
)

Class revtex4-1 Warning: No journal specified, using default pra.

Class revtex4-1 Info: APS journal PRA selected on input line 7545.
(/usr/share/texlive/texmf-dist/tex/latex/revtex/aps10pt4-1.rtx
File: aps10pt4-1 2010/07/25/20:33:00 4.1r (http://publish.aps.org/revtex4/ for 
documentation)
Class revtex4-1 Info: RevTeX pointsize 10pt selected on input line 30.
)
(/usr/share/texlive/texmf-dist/tex/latex/textcase/textcase.sty
Package: textcase 2004/10/07 v0.07 Text only upper/lower case changing (DPC)
)
(/usr/share/texlive/texmf-dist/tex/latex/url/url.sty
\Urlmuskip=\muskip10
Package: url 2013/09/16  ver 3.4  Verb mode for urls, etc.
)
(/usr/share/texlive/texmf-dist/tex/latex/natbib/natbib.sty
Package: natbib 2010/09/13 8.31b (PWD, AO)
\bibhang=\skip44
\bibsep=\skip45
LaTeX Info: Redefining \cite on input line 694.
\c@NAT@ctr=\count94
)
Class revtex4-1 Info: Repairing natbib's \BibitemShut on input line 7549.

(/usr/share/texlive/texmf-dist/tex/latex/revtex/revsymb4-1.sty
Package: revsymb4-1 2010/07/25/20:33:00 4.1r (http://publish.aps.org/revtex4/ f
or documentation)
LaTeX Info: Redefining \REV@mathfrak on input line 119.
))
(/usr/share/texlive/texmf-dist/tex/latex/base/inputenc.sty
Package: inputenc 2015/03/17 v1.2c Input encoding file
\inpenc@prehook=\toks16
\inpenc@posthook=\toks17

(/usr/share/texlive/texmf-dist/tex/latex/base/utf8.def
File: utf8.def 2017/01/28 v1.1t UTF-8 support for inputenc
Now handling font encoding OML ...
... no UTF-8 mapping file for font encoding OML
Now handling font encoding T1 ...
... processing UTF-8 mapping file for font encoding T1

(/usr/share/texlive/texmf-dist/tex/latex/base/t1enc.dfu
File: t1enc.dfu 2017/01/28 v1.1t UTF-8 support for inputenc
   defining Unicode char U+00A0 (decimal 160)
   defining Unicode char U+00A1 (decimal 161)
   defining Unicode char U+00A3 (decimal 163)
   defining Unicode char U+00AB (decimal 171)
   defining Unicode char U+00AD (decimal 173)
   defining Unicode char U+00BB (decimal 187)
   defining Unicode char U+00BF (decimal 191)
   defining Unicode char U+00C0 (decimal 192)
   defining Unicode char U+00C1 (decimal 193)
   defining Unicode char U+00C2 (decimal 194)
   defining Unicode char U+00C3 (decimal 195)
   defining Unicode char U+00C4 (decimal 196)
   defining Unicode char U+00C5 (decimal 197)
   defining Unicode char U+00C6 (decimal 198)
   defining Unicode char U+00C7 (decimal 199)
   defining Unicode char U+00C8 (decimal 200)
   defining Unicode char U+00C9 (decimal 201)
   defining Unicode char U+00CA (decimal 202)
   defining Unicode char U+00CB (decimal 203)
   defining Unicode char U+00CC (decimal 204)
   defining Unicode char U+00CD (decimal 205)
   defining Unicode char U+00CE (decimal 206)
   defining Unicode char U+00CF (decimal 207)
   defining Unicode char U+00D0 (decimal 208)
   defining Unicode char U+00D1 (decimal 209)
   defining Unicode char U+00D2 (decimal 210)
   defining Unicode char U+00D3 (decimal 211)
   defining Unicode char U+00D4 (decimal 212)
   defining Unicode char U+00D5 (decimal 213)
   defining Unicode char U+00D6 (decimal 214)
   defining Unicode char U+00D8 (decimal 216)
   defining Unicode char U+00D9 (decimal 217)
   defining Unicode char U+00DA (decimal 218)
   defining Unicode char U+00DB (decimal 219)
   defining Unicode char U+00DC (decimal 220)
   defining Unicode char U+00DD (decimal 221)
   defining Unicode char U+00DE (decimal 222)
   defining Unicode char U+00DF (decimal 223)
   defining Unicode char U+00E0 (decimal 224)
   defining Unicode char U+00E1 (decimal 225)
   defining Unicode char U+00E2 (decimal 226)
   defining Unicode char U+00E3 (decimal 227)
   defining Unicode char U+00E4 (decimal 228)
   defining Unicode char U+00E5 (decimal 229)
   defining Unicode char U+00E6 (decimal 230)
   defining Unicode char U+00E7 (decimal 231)
   defining Unicode char U+00E8 (decimal 232)
   defining Unicode char U+00E9 (decimal 233)
   defining Unicode char U+00EA (decimal 234)
   defining Unicode char U+00EB (decimal 235)
   defining Unicode char U+00EC (decimal 236)
   defining Unicode char U+00ED (decimal 237)
   defining Unicode char U+00EE (decimal 238)
   defining Unicode char U+00EF (decimal 239)
   defining Unicode char U+00F0 (decimal 240)
   defining Unicode char U+00F1 (decimal 241)
   defining Unicode char U+00F2 (decimal 242)
   defining Unicode char U+00F3 (decimal 243)
   defining Unicode char U+00F4 (decimal 244)
   defining Unicode char U+00F5 (decimal 245)
   defining Unicode char U+00F6 (decimal 246)
   defining Unicode char U+00F8 (decimal 248)
   defining Unicode char U+00F9 (decimal 249)
   defining Unicode char U+00FA (decimal 250)
   defining Unicode char U+00FB (decimal 251)
   defining Unicode char U+00FC (decimal 252)
   defining Unicode char U+00FD (decimal 253)
   defining Unicode char U+00FE (decimal 254)
   defining Unicode char U+00FF (decimal 255)
   defining Unicode char U+0100 (decimal 256)
   defining Unicode char U+0101 (decimal 257)
   defining Unicode char U+0102 (decimal 258)
   defining Unicode char U+0103 (decimal 259)
   defining Unicode char U+0104 (decimal 260)
   defining Unicode char U+0105 (decimal 261)
   defining Unicode char U+0106 (decimal 262)
   defining Unicode char U+0107 (decimal 263)
   defining Unicode char U+0108 (decimal 264)
   defining Unicode char U+0109 (decimal 265)
   defining Unicode char U+010A (decimal 266)
   defining Unicode char U+010B (decimal 267)
   defining Unicode char U+010C (decimal 268)
   defining Unicode char U+010D (decimal 269)
   defining Unicode char U+010E (decimal 270)
   defining Unicode char U+010F (decimal 271)
   defining Unicode char U+0110 (decimal 272)
   defining Unicode char U+0111 (decimal 273)
   defining Unicode char U+0112 (decimal 274)
   defining Unicode char U+0113 (decimal 275)
   defining Unicode char U+0114 (decimal 276)
   defining Unicode char U+0115 (decimal 277)
   defining Unicode char U+0116 (decimal 278)
   defining Unicode char U+0117 (decimal 279)
   defining Unicode char U+0118 (decimal 280)
   defining Unicode char U+0119 (decimal 281)
   defining Unicode char U+011A (decimal 282)
   defining Unicode char U+011B (decimal 283)
   defining Unicode char U+011C (decimal 284)
   defining Unicode char U+011D (decimal 285)
   defining Unicode char U+011E (decimal 286)
   defining Unicode char U+011F (decimal 287)
   defining Unicode char U+0120 (decimal 288)
   defining Unicode char U+0121 (decimal 289)
   defining Unicode char U+0122 (decimal 290)
   defining Unicode char U+0123 (decimal 291)
   defining Unicode char U+0124 (decimal 292)
   defining Unicode char U+0125 (decimal 293)
   defining Unicode char U+0128 (decimal 296)
   defining Unicode char U+0129 (decimal 297)
   defining Unicode char U+012A (decimal 298)
   defining Unicode char U+012B (decimal 299)
   defining Unicode char U+012C (decimal 300)
   defining Unicode char U+012D (decimal 301)
   defining Unicode char U+012E (decimal 302)
   defining Unicode char U+012F (decimal 303)
   defining Unicode char U+0130 (decimal 304)
   defining Unicode char U+0131 (decimal 305)
   defining Unicode char U+0132 (decimal 306)
   defining Unicode char U+0133 (decimal 307)
   defining Unicode char U+0134 (decimal 308)
   defining Unicode char U+0135 (decimal 309)
   defining Unicode char U+0136 (decimal 310)
   defining Unicode char U+0137 (decimal 311)
   defining Unicode char U+0139 (decimal 313)
   defining Unicode char U+013A (decimal 314)
   defining Unicode char U+013B (decimal 315)
   defining Unicode char U+013C (decimal 316)
   defining Unicode char U+013D (decimal 317)
   defining Unicode char U+013E (decimal 318)
   defining Unicode char U+0141 (decimal 321)
   defining Unicode char U+0142 (decimal 322)
   defining Unicode char U+0143 (decimal 323)
   defining Unicode char U+0144 (decimal 324)
   defining Unicode char U+0145 (decimal 325)
   defining Unicode char U+0146 (decimal 326)
   defining Unicode char U+0147 (decimal 327)
   defining Unicode char U+0148 (decimal 328)
   defining Unicode char U+014A (decimal 330)
   defining Unicode char U+014B (decimal 331)
   defining Unicode char U+014C (decimal 332)
   defining Unicode char U+014D (decimal 333)
   defining Unicode char U+014E (decimal 334)
   defining Unicode char U+014F (decimal 335)
   defining Unicode char U+0150 (decimal 336)
   defining Unicode char U+0151 (decimal 337)
   defining Unicode char U+0152 (decimal 338)
   defining Unicode char U+0153 (decimal 339)
   defining Unicode char U+0154 (decimal 340)
   defining Unicode char U+0155 (decimal 341)
   defining Unicode char U+0156 (decimal 342)
   defining Unicode char U+0157 (decimal 343)
   defining Unicode char U+0158 (decimal 344)
   defining Unicode char U+0159 (decimal 345)
   defining Unicode char U+015A (decimal 346)
   defining Unicode char U+015B (decimal 347)
   defining Unicode char U+015C (decimal 348)
   defining Unicode char U+015D (decimal 349)
   defining Unicode char U+015E (decimal 350)
   defining Unicode char U+015F (decimal 351)
   defining Unicode char U+0160 (decimal 352)
   defining Unicode char U+0161 (decimal 353)
   defining Unicode char U+0162 (decimal 354)
   defining Unicode char U+0163 (decimal 355)
   defining Unicode char U+0164 (decimal 356)
   defining Unicode char U+0165 (decimal 357)
   defining Unicode char U+0168 (decimal 360)
   defining Unicode char U+0169 (decimal 361)
   defining Unicode char U+016A (decimal 362)
   defining Unicode char U+016B (decimal 363)
   defining Unicode char U+016C (decimal 364)
   defining Unicode char U+016D (decimal 365)
   defining Unicode char U+016E (decimal 366)
   defining Unicode char U+016F (decimal 367)
   defining Unicode char U+0170 (decimal 368)
   defining Unicode char U+0171 (decimal 369)
   defining Unicode char U+0172 (decimal 370)
   defining Unicode char U+0173 (decimal 371)
   defining Unicode char U+0174 (decimal 372)
   defining Unicode char U+0175 (decimal 373)
   defining Unicode char U+0176 (decimal 374)
   defining Unicode char U+0177 (decimal 375)
   defining Unicode char U+0178 (decimal 376)
   defining Unicode char U+0179 (decimal 377)
   defining Unicode char U+017A (decimal 378)
   defining Unicode char U+017B (decimal 379)
   defining Unicode char U+017C (decimal 380)
   defining Unicode char U+017D (decimal 381)
   defining Unicode char U+017E (decimal 382)
   defining Unicode char U+01CD (decimal 461)
   defining Unicode char U+01CE (decimal 462)
   defining Unicode char U+01CF (decimal 463)
   defining Unicode char U+01D0 (decimal 464)
   defining Unicode char U+01D1 (decimal 465)
   defining Unicode char U+01D2 (decimal 466)
   defining Unicode char U+01D3 (decimal 467)
   defining Unicode char U+01D4 (decimal 468)
   defining Unicode char U+01E2 (decimal 482)
   defining Unicode char U+01E3 (decimal 483)
   defining Unicode char U+01E6 (decimal 486)
   defining Unicode char U+01E7 (decimal 487)
   defining Unicode char U+01E8 (decimal 488)
   defining Unicode char U+01E9 (decimal 489)
   defining Unicode char U+01EA (decimal 490)
   defining Unicode char U+01EB (decimal 491)
   defining Unicode char U+01F0 (decimal 496)
   defining Unicode char U+01F4 (decimal 500)
   defining Unicode char U+01F5 (decimal 501)
   defining Unicode char U+0218 (decimal 536)
   defining Unicode char U+0219 (decimal 537)
   defining Unicode char U+021A (decimal 538)
   defining Unicode char U+021B (decimal 539)
   defining Unicode char U+0232 (decimal 562)
   defining Unicode char U+0233 (decimal 563)
   defining Unicode char U+1E02 (decimal 7682)
   defining Unicode char U+1E03 (decimal 7683)
   defining Unicode char U+200C (decimal 8204)
   defining Unicode char U+2010 (decimal 8208)
   defining Unicode char U+2011 (decimal 8209)
   defining Unicode char U+2012 (decimal 8210)
   defining Unicode char U+2013 (decimal 8211)
   defining Unicode char U+2014 (decimal 8212)
   defining Unicode char U+2015 (decimal 8213)
   defining Unicode char U+2018 (decimal 8216)
   defining Unicode char U+2019 (decimal 8217)
   defining Unicode char U+201A (decimal 8218)
   defining Unicode char U+201C (decimal 8220)
   defining Unicode char U+201D (decimal 8221)
   defining Unicode char U+201E (decimal 8222)
   defining Unicode char U+2030 (decimal 8240)
   defining Unicode char U+2031 (decimal 8241)
   defining Unicode char U+2039 (decimal 8249)
   defining Unicode char U+203A (decimal 8250)
   defining Unicode char U+2423 (decimal 9251)
   defining Unicode char U+1E20 (decimal 7712)
   defining Unicode char U+1E21 (decimal 7713)
)
Now handling font encoding OT1 ...
... processing UTF-8 mapping file for font encoding OT1

(/usr/share/texlive/texmf-dist/tex/latex/base/ot1enc.dfu
File: ot1enc.dfu 2017/01/28 v1.1t UTF-8 support for inputenc
   defining Unicode char U+00A0 (decimal 160)
   defining Unicode char U+00A1 (decimal 161)
   defining Unicode char U+00A3 (decimal 163)
   defining Unicode char U+00AD (decimal 173)
   defining Unicode char U+00B8 (decimal 184)
   defining Unicode char U+00BF (decimal 191)
   defining Unicode char U+00C5 (decimal 197)
   defining Unicode char U+00C6 (decimal 198)
   defining Unicode char U+00D8 (decimal 216)
   defining Unicode char U+00DF (decimal 223)
   defining Unicode char U+00E6 (decimal 230)
   defining Unicode char U+00EC (decimal 236)
   defining Unicode char U+00ED (decimal 237)
   defining Unicode char U+00EE (decimal 238)
   defining Unicode char U+00EF (decimal 239)
   defining Unicode char U+00F8 (decimal 248)
   defining Unicode char U+0131 (decimal 305)
   defining Unicode char U+0141 (decimal 321)
   defining Unicode char U+0142 (decimal 322)
   defining Unicode char U+0152 (decimal 338)
   defining Unicode char U+0153 (decimal 339)
   defining Unicode char U+0174 (decimal 372)
   defining Unicode char U+0175 (decimal 373)
   defining Unicode char U+0176 (decimal 374)
   defining Unicode char U+0177 (decimal 375)
   defining Unicode char U+0218 (decimal 536)
   defining Unicode char U+0219 (decimal 537)
   defining Unicode char U+021A (decimal 538)
   defining Unicode char U+021B (decimal 539)
   defining Unicode char U+2013 (decimal 8211)
   defining Unicode char U+2014 (decimal 8212)
   defining Unicode char U+2018 (decimal 8216)
   defining Unicode char U+2019 (decimal 8217)
   defining Unicode char U+201C (decimal 8220)
   defining Unicode char U+201D (decimal 8221)
)
Now handling font encoding OMS ...
... processing UTF-8 mapping file for font encoding OMS

(/usr/share/texlive/texmf-dist/tex/latex/base/omsenc.dfu
File: omsenc.dfu 2017/01/28 v1.1t UTF-8 support for inputenc
   defining Unicode char U+00A7 (decimal 167)
   defining Unicode char U+00B6 (decimal 182)
   defining Unicode char U+00B7 (decimal 183)
   defining Unicode char U+2020 (decimal 8224)
   defining Unicode char U+2021 (decimal 8225)
   defining Unicode char U+2022 (decimal 8226)
)
Now handling font encoding OMX ...
... no UTF-8 mapping file for font encoding OMX
Now handling font encoding U ...
... no UTF-8 mapping file for font encoding U
   defining Unicode char U+00A9 (decimal 169)
   defining Unicode char U+00AA (decimal 170)
   defining Unicode char U+00AE (decimal 174)
   defining Unicode char U+00BA (decimal 186)
   defining Unicode char U+02C6 (decimal 710)
   defining Unicode char U+02DC (decimal 732)
   defining Unicode char U+200C (decimal 8204)
   defining Unicode char U+2026 (decimal 8230)
   defining Unicode char U+2122 (decimal 8482)
   defining Unicode char U+2423 (decimal 9251)
))
(/usr/share/texlive/texmf-dist/tex/latex/base/fontenc.sty
Package: fontenc 2017/04/05 v2.0i Standard LaTeX package

(/usr/share/texlive/texmf-dist/tex/latex/base/t1enc.def
File: t1enc.def 2017/04/05 v2.0i Standard LaTeX file
LaTeX Font Info:    Redeclaring font encoding T1 on input line 48.
))
(/usr/share/texlive/texmf-dist/tex/latex/graphics/graphicx.sty
Package: graphicx 2017/06/01 v1.1a Enhanced LaTeX Graphics (DPC,SPQR)

(/usr/share/texlive/texmf-dist/tex/latex/graphics/keyval.sty
Package: keyval 2014/10/28 v1.15 key=value parser (DPC)
\KV@toks@=\toks18
)
(/usr/share/texlive/texmf-dist/tex/latex/graphics/graphics.sty
Package: graphics 2017/06/25 v1.2c Standard LaTeX Graphics (DPC,SPQR)

(/usr/share/texlive/texmf-dist/tex/latex/graphics/trig.sty
Package: trig 2016/01/03 v1.10 sin cos tan (DPC)
)
(/usr/share/texlive/texmf-dist/tex/latex/graphics-cfg/graphics.cfg
File: graphics.cfg 2016/06/04 v1.11 sample graphics configuration
)
Package graphics Info: Driver file: pdftex.def on input line 99.

(/usr/share/texlive/texmf-dist/tex/latex/graphics-def/pdftex.def
File: pdftex.def 2018/01/08 v1.0l Graphics/color driver for pdftex
))
\Gin@req@height=\dimen102
\Gin@req@width=\dimen103
)
(/usr/share/texlive/texmf-dist/tex/latex/units/nicefrac.sty
Package: nicefrac 1998/08/04 v0.9b Nice fractions
\L@UnitsRaiseDisplaystyle=\skip46
\L@UnitsRaiseTextstyle=\skip47
\L@UnitsRaiseScriptstyle=\skip48

(/usr/share/texlive/texmf-dist/tex/latex/base/ifthen.sty
Package: ifthen 2014/09/29 v1.1c Standard LaTeX ifthen package (DPC)
))
(/usr/share/texlive/texmf-dist/tex/latex/amsfonts/amsfonts.sty
Package: amsfonts 2013/01/14 v3.01 Basic AMSFonts support
\@emptytoks=\toks19
\symAMSa=\mathgroup4
\symAMSb=\mathgroup5
LaTeX Font Info:    Overwriting math alphabet `\mathfrak' in version `bold'
(Font)                  U/euf/m/n --> U/euf/b/n on input line 106.
LaTeX Info: Redefining \frak on input line 111.
LaTeX Info: Redefining \Bbb on input line 113.
)
(/usr/share/texlive/texmf-dist/tex/latex/amsfonts/amssymb.sty
Package: amssymb 2013/01/14 v3.01 AMS font symbols
)
(/usr/share/texlive/texmf-dist/tex/latex/amsmath/amsmath.sty
Package: amsmath 2017/09/02 v2.17a AMS math features
\@mathmargin=\skip49

For additional information on amsmath, use the `?' option.
(/usr/share/texlive/texmf-dist/tex/latex/amsmath/amstext.sty
Package: amstext 2000/06/29 v2.01 AMS text

(/usr/share/texlive/texmf-dist/tex/latex/amsmath/amsgen.sty
File: amsgen.sty 1999/11/30 v2.0 generic functions
\@emptytoks=\toks20
\ex@=\dimen104
)
LaTeX Info: Redefining \text on input line 28.
)
(/usr/share/texlive/texmf-dist/tex/latex/amsmath/amsbsy.sty
Package: amsbsy 1999/11/29 v1.2d Bold Symbols
\pmbraise@=\dimen105
)
(/usr/share/texlive/texmf-dist/tex/latex/amsmath/amsopn.sty
Package: amsopn 2016/03/08 v2.02 operator names
)
\inf@bad=\count95
LaTeX Info: Redefining \frac on input line 213.
\uproot@=\count96
\leftroot@=\count97
LaTeX Info: Redefining \overline on input line 375.
\classnum@=\count98
\DOTSCASE@=\count99
LaTeX Info: Redefining \ldots on input line 472.
LaTeX Info: Redefining \dots on input line 475.
LaTeX Info: Redefining \cdots on input line 596.
\Mathstrutbox@=\box41
\strutbox@=\box42
\big@size=\dimen106
LaTeX Font Info:    Redeclaring font encoding OML on input line 712.
LaTeX Font Info:    Redeclaring font encoding OMS on input line 713.
\macc@depth=\count100
\c@MaxMatrixCols=\count101
\dotsspace@=\muskip11
\c@parentequation=\count102
\dspbrk@lvl=\count103
\tag@help=\toks21
\row@=\count104
\column@=\count105
\maxfields@=\count106
\andhelp@=\toks22
\eqnshift@=\dimen107
\alignsep@=\dimen108
\tagshift@=\dimen109
\tagwidth@=\dimen110
\totwidth@=\dimen111
\lineht@=\dimen112
\@envbody=\toks23
\multlinegap=\skip50
\multlinetaggap=\skip51
\mathdisplay@stack=\toks24
LaTeX Info: Redefining \[ on input line 2817.
LaTeX Info: Redefining \] on input line 2818.
)
(/usr/share/texlive/texmf-dist/tex/latex/subfigure/subfigure.sty
Package: subfigure 2002/03/15 v2.1.5 subfigure package
\subfigtopskip=\skip52
\subfigcapskip=\skip53
\subfigcaptopadj=\dimen113
\subfigbottomskip=\skip54
\subfigcapmargin=\dimen114
\subfiglabelskip=\skip55
\c@subfigure=\count107
\c@lofdepth=\count108
\c@subtable=\count109
\c@lotdepth=\count110

****************************************
* Local config file subfigure.cfg used *
****************************************
(/usr/share/texlive/texmf-dist/tex/latex/subfigure/subfigure.cfg)
\subfig@top=\skip56
\subfig@bottom=\skip57
)
(/usr/share/texlive/texmf-dist/tex/latex/multirow/multirow.sty
Package: multirow 2016/11/25 v2.2 Span multiple rows of a table
\multirow@colwidth=\skip58
\multirow@cntb=\count111
\multirow@dima=\skip59
\bigstrutjot=\dimen115
)
(/usr/share/texlive/texmf-dist/tex/latex/tools/tabularx.sty
Package: tabularx 2016/02/03 v2.11 `tabularx' package (DPC)

(/usr/share/texlive/texmf-dist/tex/latex/tools/array.sty
Package: array 2016/10/06 v2.4d Tabular extension package (FMi)
\col@sep=\dimen116
\extrarowheight=\dimen117
\NC@list=\toks25
\extratabsurround=\skip60
\backup@length=\skip61
)
\TX@col@width=\dimen118
\TX@old@table=\dimen119
\TX@old@col=\dimen120
\TX@target=\dimen121
\TX@delta=\dimen122
\TX@cols=\count112
\TX@ftn=\toks26
)
(/usr/share/texlive/texmf-dist/tex/latex/units/units.sty
Package: units 1998/08/04 v0.9b Typesetting units
)
(/usr/share/texlive/texmf-dist/tex/latex/tensor/tensor.sty
Package: tensor 2004/12/20 v2.1 tensor indices package (PGR)
LaTeX Info: Redefining \tensor on input line 24.
\tnsr@Sps=\toks27
\tnsr@Sbs=\toks28
\tnsr@Spe=\toks29
\tnsr@Sbe=\toks30
\ncld@Mno=\toks31
)
(/usr/share/texlive/texmf-dist/tex/latex/braket/braket.sty)
(/usr/share/texlive/texmf-dist/tex/latex/tools/bm.sty
Package: bm 2017/01/16 v1.2c Bold Symbol Support (DPC/FMi)
\symboldoperators=\mathgroup6
\symboldletters=\mathgroup7
\symboldsymbols=\mathgroup8
LaTeX Font Info:    Redeclaring math alphabet \mathbf on input line 141.
LaTeX Info: Redefining \bm on input line 207.
)
(/usr/share/texlive/texmf-dist/tex/latex/hyperref/hyperref.sty
Package: hyperref 2018/02/06 v6.86b Hypertext links for LaTeX

(/usr/share/texlive/texmf-dist/tex/generic/oberdiek/hobsub-hyperref.sty
Package: hobsub-hyperref 2016/05/16 v1.14 Bundle oberdiek, subset hyperref (HO)


(/usr/share/texlive/texmf-dist/tex/generic/oberdiek/hobsub-generic.sty
Package: hobsub-generic 2016/05/16 v1.14 Bundle oberdiek, subset generic (HO)
Package: hobsub 2016/05/16 v1.14 Construct package bundles (HO)
Package: infwarerr 2016/05/16 v1.4 Providing info/warning/error messages (HO)
Package: ltxcmds 2016/05/16 v1.23 LaTeX kernel commands for general use (HO)
Package: ifluatex 2016/05/16 v1.4 Provides the ifluatex switch (HO)
Package ifluatex Info: LuaTeX not detected.
Package: ifvtex 2016/05/16 v1.6 Detect VTeX and its facilities (HO)
Package ifvtex Info: VTeX not detected.
Package: intcalc 2016/05/16 v1.2 Expandable calculations with integers (HO)
Package: ifpdf 2017/03/15 v3.2 Provides the ifpdf switch
Package: etexcmds 2016/05/16 v1.6 Avoid name clashes with e-TeX commands (HO)
Package etexcmds Info: Could not find \expanded.
(etexcmds)             That can mean that you are not using pdfTeX 1.50 or
(etexcmds)             that some package has redefined \expanded.
(etexcmds)             In the latter case, load this package earlier.
Package: kvsetkeys 2016/05/16 v1.17 Key value parser (HO)
Package: kvdefinekeys 2016/05/16 v1.4 Define keys (HO)
Package: pdftexcmds 2018/01/21 v0.26 Utility functions of pdfTeX for LuaTeX (HO
)
Package pdftexcmds Info: LuaTeX not detected.
Package pdftexcmds Info: \pdf@primitive is available.
Package pdftexcmds Info: \pdf@ifprimitive is available.
Package pdftexcmds Info: \pdfdraftmode found.
Package: pdfescape 2016/05/16 v1.14 Implements pdfTeX's escape features (HO)
Package: bigintcalc 2016/05/16 v1.4 Expandable calculations on big integers (HO
)
Package: bitset 2016/05/16 v1.2 Handle bit-vector datatype (HO)
Package: uniquecounter 2016/05/16 v1.3 Provide unlimited unique counter (HO)
)
Package hobsub Info: Skipping package `hobsub' (already loaded).
Package: letltxmacro 2016/05/16 v1.5 Let assignment for LaTeX macros (HO)
Package: hopatch 2016/05/16 v1.3 Wrapper for package hooks (HO)
Package: xcolor-patch 2016/05/16 xcolor patch
Package: atveryend 2016/05/16 v1.9 Hooks at the very end of document (HO)
Package: atbegshi 2016/06/09 v1.18 At begin shipout hook (HO)
Package: refcount 2016/05/16 v3.5 Data extraction from label references (HO)
Package: hycolor 2016/05/16 v1.8 Color options for hyperref/bookmark (HO)
)
(/usr/share/texlive/texmf-dist/tex/generic/ifxetex/ifxetex.sty
Package: ifxetex 2010/09/12 v0.6 Provides ifxetex conditional
)
(/usr/share/texlive/texmf-dist/tex/latex/oberdiek/auxhook.sty
Package: auxhook 2016/05/16 v1.4 Hooks for auxiliary files (HO)
)
(/usr/share/texlive/texmf-dist/tex/latex/oberdiek/kvoptions.sty
Package: kvoptions 2016/05/16 v3.12 Key value format for package options (HO)
)
\@linkdim=\dimen123
\Hy@linkcounter=\count113
\Hy@pagecounter=\count114

(/usr/share/texlive/texmf-dist/tex/latex/hyperref/pd1enc.def
File: pd1enc.def 2018/02/06 v6.86b Hyperref: PDFDocEncoding definition (HO)
Now handling font encoding PD1 ...
... no UTF-8 mapping file for font encoding PD1
)
\Hy@SavedSpaceFactor=\count115

(/usr/share/texlive/texmf-dist/tex/latex/latexconfig/hyperref.cfg
File: hyperref.cfg 2002/06/06 v1.2 hyperref configuration of TeXLive
)
Package hyperref Info: Hyper figures OFF on input line 4509.
Package hyperref Info: Link nesting OFF on input line 4514.
Package hyperref Info: Hyper index ON on input line 4517.
Package hyperref Info: Plain pages OFF on input line 4524.
Package hyperref Info: Backreferencing OFF on input line 4529.
Package hyperref Info: Implicit mode ON; LaTeX internals redefined.
Package hyperref Info: Bookmarks ON on input line 4762.
LaTeX Info: Redefining \href on input line 5026.
\c@Hy@tempcnt=\count116
LaTeX Info: Redefining \url on input line 5115.
\XeTeXLinkMargin=\dimen124
\Fld@menulength=\count117
\Field@Width=\dimen125
\Fld@charsize=\dimen126
Package hyperref Info: Hyper figures OFF on input line 6369.
Package hyperref Info: Link nesting OFF on input line 6374.
Package hyperref Info: Hyper index ON on input line 6377.
Package hyperref Info: backreferencing OFF on input line 6384.
Package hyperref Info: Link coloring OFF on input line 6389.
Package hyperref Info: Link coloring with OCG OFF on input line 6394.
Package hyperref Info: PDF/A mode OFF on input line 6399.
LaTeX Info: Redefining \ref on input line 6439.
LaTeX Info: Redefining \pageref on input line 6443.
\Hy@abspage=\count118
\c@Item=\count119
\c@Hfootnote=\count120
)
Package hyperref Info: Driver (autodetected): hpdftex.

(/usr/share/texlive/texmf-dist/tex/latex/hyperref/hpdftex.def
File: hpdftex.def 2018/02/06 v6.86b Hyperref driver for pdfTeX
\Fld@listcount=\count121
\c@bookmark@seq@number=\count122

(/usr/share/texlive/texmf-dist/tex/latex/oberdiek/rerunfilecheck.sty
Package: rerunfilecheck 2016/05/16 v1.8 Rerun checks for auxiliary files (HO)
Package uniquecounter Info: New unique counter `rerunfilecheck' on input line 2
82.
)
\Hy@SectionHShift=\skip62
)
(/usr/share/texlive/texmf-dist/tex/latex/multibib/multibib.sty
Package: multibib 2008/12/10 v1.4 Multiple bibliographies for one document.
\mb@biblabelwidth=\count123
)
Class revtex4-1 Info: Unrecognized array package. Please update this document c
lass! (Proceeding with fingers crossed.) on input line 41.
Class revtex4-1 Info: Robustifying \LaTeX's \boldmath command on input line 41.

Class revtex4-1 Info: cite was not loaded (OK!) on input line 41.
Class revtex4-1 Info: mcite was not loaded (OK!) on input line 41.
Class revtex4-1 Info: multicol was not loaded (OK!) on input line 41.
 (./main.aux)
\openout1 = `main.aux'.

LaTeX Font Info:    Checking defaults for OML/cmm/m/it on input line 41.
LaTeX Font Info:    ... okay on input line 41.
LaTeX Font Info:    Checking defaults for T1/cmr/m/n on input line 41.
LaTeX Font Info:    ... okay on input line 41.
LaTeX Font Info:    Checking defaults for OT1/cmr/m/n on input line 41.
LaTeX Font Info:    ... okay on input line 41.
LaTeX Font Info:    Checking defaults for OMS/cmsy/m/n on input line 41.
LaTeX Font Info:    ... okay on input line 41.
LaTeX Font Info:    Checking defaults for OMX/cmex/m/n on input line 41.
LaTeX Font Info:    ... okay on input line 41.
LaTeX Font Info:    Checking defaults for U/cmr/m/n on input line 41.
LaTeX Font Info:    ... okay on input line 41.
LaTeX Font Info:    Checking defaults for PD1/pdf/m/n on input line 41.
LaTeX Font Info:    ... okay on input line 41.

(/usr/share/texlive/texmf-dist/tex/context/base/mkii/supp-pdf.mkii
[Loading MPS to PDF converter (version 2006.09.02).]
\scratchcounter=\count124
\scratchdimen=\dimen127
\scratchbox=\box43
\nofMPsegments=\count125
\nofMParguments=\count126
\everyMPshowfont=\toks32
\MPscratchCnt=\count127
\MPscratchDim=\dimen128
\MPnumerator=\count128
\makeMPintoPDFobject=\count129
\everyMPtoPDFconversion=\toks33
) (/usr/share/texlive/texmf-dist/tex/latex/oberdiek/epstopdf-base.sty
Package: epstopdf-base 2016/05/15 v2.6 Base part for package epstopdf

(/usr/share/texlive/texmf-dist/tex/latex/oberdiek/grfext.sty
Package: grfext 2016/05/16 v1.2 Manage graphics extensions (HO)
)
Package epstopdf-base Info: Redefining graphics rule for `.eps' on input line 4
38.
Package grfext Info: Graphics extension search list:
(grfext)             [.pdf,.png,.jpg,.mps,.jpeg,.jbig2,.jb2,.PDF,.PNG,.JPG,.JPE
G,.JBIG2,.JB2,.eps]
(grfext)             \AppendGraphicsExtensions on input line 456.

(/usr/share/texlive/texmf-dist/tex/latex/latexconfig/epstopdf-sys.cfg
File: epstopdf-sys.cfg 2010/07/13 v1.3 Configuration of (r)epstopdf for TeX Liv
e
))
\AtBeginShipoutBox=\box44
Package hyperref Info: Link coloring OFF on input line 41.

(/usr/share/texlive/texmf-dist/tex/latex/hyperref/nameref.sty
Package: nameref 2016/05/21 v2.44 Cross-referencing by name of section

(/usr/share/texlive/texmf-dist/tex/generic/oberdiek/gettitlestring.sty
Package: gettitlestring 2016/05/16 v1.5 Cleanup title references (HO)
)
\c@section@level=\count130
)
LaTeX Info: Redefining \ref on input line 41.
LaTeX Info: Redefining \pageref on input line 41.
LaTeX Info: Redefining \nameref on input line 41.

(./main.out) (./main.out)
\@outlinefile=\write4
\openout4 = `main.out'.

Class revtex4-1 Info: Taking \maketitle back from hyperref on input line 41.
\openout3 = `mainNotes.bib'.

LaTeX Font Info:    Try loading font information for U+msa on input line 62.

(/usr/share/texlive/texmf-dist/tex/latex/amsfonts/umsa.fd
File: umsa.fd 2013/01/14 v3.01 AMS symbols A
)
LaTeX Font Info:    Try loading font information for U+msb on input line 62.

(/usr/share/texlive/texmf-dist/tex/latex/amsfonts/umsb.fd
File: umsb.fd 2013/01/14 v3.01 AMS symbols B
) [1{/var/lib/texmf/fonts/map/pdftex/updmap/pdftex.map}]
<./phase_diagrams/ssh1.png, id=112, 867.24pt x 867.24pt>
File: ./phase_diagrams/ssh1.png Graphic file (type png)
<use ./phase_diagrams/ssh1.png>
Package pdftex.def Info: ./phase_diagrams/ssh1.png  used on input line 87.
(pdftex.def)             Requested size: 229.49844pt x 229.48668pt.
<./phase_diagrams/ssh2.png, id=114, 867.24pt x 867.24pt>
File: ./phase_diagrams/ssh2.png Graphic file (type png)
<use ./phase_diagrams/ssh2.png>
Package pdftex.def Info: ./phase_diagrams/ssh2.png  used on input line 88.
(pdftex.def)             Requested size: 229.49844pt x 229.48668pt.
 [2] [3 <./phase_diagrams/ssh1.png> <./phase_diagrams/ssh2.png>]
<./ssh1/periodic_100_6561/scatter_train_val_test_experiment_0.png, id=175, 433.
62pt x 433.62pt>
File: ./ssh1/periodic_100_6561/scatter_train_val_test_experiment_0.png Graphic 
file (type png)
<use ./ssh1/periodic_100_6561/scatter_train_val_test_experiment_0.png>
Package pdftex.def Info: ./ssh1/periodic_100_6561/scatter_train_val_test_experi
ment_0.png  used on input line 115.
(pdftex.def)             Requested size: 163.20374pt x 163.20258pt.
<./ssh1/periodic_100_6561/scatter_winding_train_experiment_0.png, id=176, 433.6
2pt x 433.62pt>
File: ./ssh1/periodic_100_6561/scatter_winding_train_experiment_0.png Graphic f
ile (type png)
<use ./ssh1/periodic_100_6561/scatter_winding_train_experiment_0.png>
Package pdftex.def Info: ./ssh1/periodic_100_6561/scatter_winding_train_experim
ent_0.png  used on input line 116.
(pdftex.def)             Requested size: 163.20374pt x 163.20258pt.
<./ssh1/periodic_100_6561/pcolormesh_prediction_grid_experiment_0.png, id=177, 
433.62pt x 433.62pt>
File: ./ssh1/periodic_100_6561/pcolormesh_prediction_grid_experiment_0.png Grap
hic file (type png)
<use ./ssh1/periodic_100_6561/pcolormesh_prediction_grid_experiment_0.png>
Package pdftex.def Info: ./ssh1/periodic_100_6561/pcolormesh_prediction_grid_ex
periment_0.png  used on input line 117.
(pdftex.def)             Requested size: 163.20374pt x 163.20258pt.
<./ssh2/periodic_100_6561/scatter_train_val_test_experiment_0.png, id=180, 433.
62pt x 433.62pt>
File: ./ssh2/periodic_100_6561/scatter_train_val_test_experiment_0.png Graphic 
file (type png)
<use ./ssh2/periodic_100_6561/scatter_train_val_test_experiment_0.png>
Package pdftex.def Info: ./ssh2/periodic_100_6561/scatter_train_val_test_experi
ment_0.png  used on input line 133.
(pdftex.def)             Requested size: 163.20374pt x 163.20258pt.
<./ssh2/periodic_100_6561/scatter_winding_train_experiment_0.png, id=181, 433.6
2pt x 433.62pt>
File: ./ssh2/periodic_100_6561/scatter_winding_train_experiment_0.png Graphic f
ile (type png)
<use ./ssh2/periodic_100_6561/scatter_winding_train_experiment_0.png>
Package pdftex.def Info: ./ssh2/periodic_100_6561/scatter_winding_train_experim
ent_0.png  used on input line 134.
(pdftex.def)             Requested size: 163.20374pt x 163.20258pt.
<./ssh2/periodic_100_6561/pcolormesh_prediction_grid_experiment_0.png, id=182, 
433.62pt x 433.62pt>
File: ./ssh2/periodic_100_6561/pcolormesh_prediction_grid_experiment_0.png Grap
hic file (type png)
<use ./ssh2/periodic_100_6561/pcolormesh_prediction_grid_experiment_0.png>
Package pdftex.def Info: ./ssh2/periodic_100_6561/pcolormesh_prediction_grid_ex
periment_0.png  used on input line 135.
(pdftex.def)             Requested size: 163.20374pt x 163.20258pt.
 [4 <./ssh1/periodic_100_6561/scatter_train_val_test_experiment_0.png> <./ssh1/
periodic_100_6561/scatter_winding_train_experiment_0.png> <./ssh1/periodic_100_
6561/pcolormesh_prediction_grid_experiment_0.png>]
<./ssh1/periodic_100_6561/imshow_winding_grid_winding_0_sim.png, id=201, 867.24
pt x 867.24pt>
File: ./ssh1/periodic_100_6561/imshow_winding_grid_winding_0_sim.png Graphic fi
le (type png)
<use ./ssh1/periodic_100_6561/imshow_winding_grid_winding_0_sim.png>
Package pdftex.def Info: ./ssh1/periodic_100_6561/imshow_winding_grid_winding_0
_sim.png  used on input line 158.
(pdftex.def)             Requested size: 163.20374pt x 163.20259pt.
<./ssh1/periodic_100_6561/imshow_winding_grid_winding_1_sim.png, id=202, 867.24
pt x 867.24pt>
File: ./ssh1/periodic_100_6561/imshow_winding_grid_winding_1_sim.png Graphic fi
le (type png)
<use ./ssh1/periodic_100_6561/imshow_winding_grid_winding_1_sim.png>
Package pdftex.def Info: ./ssh1/periodic_100_6561/imshow_winding_grid_winding_1
_sim.png  used on input line 159.
(pdftex.def)             Requested size: 163.20374pt x 163.20259pt.
<./ssh1/periodic_100_6561/merge_imshow_winding_grids_second_sim.png, id=203, 86
7.24pt x 867.24pt>
File: ./ssh1/periodic_100_6561/merge_imshow_winding_grids_second_sim.png Graphi
c file (type png)
<use ./ssh1/periodic_100_6561/merge_imshow_winding_grids_second_sim.png>
Package pdftex.def Info: ./ssh1/periodic_100_6561/merge_imshow_winding_grids_se
cond_sim.png  used on input line 160.
(pdftex.def)             Requested size: 163.20374pt x 163.20259pt.
 [5 <./ssh2/periodic_100_6561/scatter_train_val_test_experiment_0.png> <./ssh2/
periodic_100_6561/scatter_winding_train_experiment_0.png> <./ssh2/periodic_100_
6561/pcolormesh_prediction_grid_experiment_0.png>]
<./ssh2/periodic_100_6561/imshow_winding_grid_winding_-1_sim.png, id=218, 867.2
4pt x 867.24pt>
File: ./ssh2/periodic_100_6561/imshow_winding_grid_winding_-1_sim.png Graphic f
ile (type png)
<use ./ssh2/periodic_100_6561/imshow_winding_grid_winding_-1_sim.png>
Package pdftex.def Info: ./ssh2/periodic_100_6561/imshow_winding_grid_winding_-
1_sim.png  used on input line 167.
(pdftex.def)             Requested size: 163.20374pt x 163.20259pt.
<./ssh2/periodic_100_6561/imshow_winding_grid_winding_0_sim.png, id=219, 867.24
pt x 867.24pt>
File: ./ssh2/periodic_100_6561/imshow_winding_grid_winding_0_sim.png Graphic fi
le (type png)
<use ./ssh2/periodic_100_6561/imshow_winding_grid_winding_0_sim.png>
Package pdftex.def Info: ./ssh2/periodic_100_6561/imshow_winding_grid_winding_0
_sim.png  used on input line 168.
(pdftex.def)             Requested size: 163.20374pt x 163.20259pt.
<./ssh2/periodic_100_6561/imshow_winding_grid_winding_1_sim.png, id=220, 867.24
pt x 867.24pt>
File: ./ssh2/periodic_100_6561/imshow_winding_grid_winding_1_sim.png Graphic fi
le (type png)
<use ./ssh2/periodic_100_6561/imshow_winding_grid_winding_1_sim.png>
Package pdftex.def Info: ./ssh2/periodic_100_6561/imshow_winding_grid_winding_1
_sim.png  used on input line 169.
(pdftex.def)             Requested size: 163.20374pt x 163.20259pt.
<./ssh2/periodic_100_6561/imshow_winding_grid_winding_2_sim.png, id=221, 867.24
pt x 867.24pt>
File: ./ssh2/periodic_100_6561/imshow_winding_grid_winding_2_sim.png Graphic fi
le (type png)
<use ./ssh2/periodic_100_6561/imshow_winding_grid_winding_2_sim.png>
Package pdftex.def Info: ./ssh2/periodic_100_6561/imshow_winding_grid_winding_2
_sim.png  used on input line 170.
(pdftex.def)             Requested size: 163.20374pt x 163.20259pt.
<./ssh2/periodic_100_6561/merge_imshow_winding_grids_sim.png, id=222, 867.24pt 
x 867.24pt>
File: ./ssh2/periodic_100_6561/merge_imshow_winding_grids_sim.png Graphic file 
(type png)
<use ./ssh2/periodic_100_6561/merge_imshow_winding_grids_sim.png>
Package pdftex.def Info: ./ssh2/periodic_100_6561/merge_imshow_winding_grids_si
m.png  used on input line 171.
(pdftex.def)             Requested size: 163.20374pt x 163.20259pt.
 [6 <./ssh1/periodic_100_6561/imshow_winding_grid_winding_0_sim.png> <./ssh1/pe
riodic_100_6561/imshow_winding_grid_winding_1_sim.png> <./ssh1/periodic_100_656
1/merge_imshow_winding_grids_second_sim.png>] [7 <./ssh2/periodic_100_6561/imsh
ow_winding_grid_winding_-1_sim.png> <./ssh2/periodic_100_6561/imshow_winding_gr
id_winding_0_sim.png> <./ssh2/periodic_100_6561/imshow_winding_grid_winding_1_s
im.png> <./ssh2/periodic_100_6561/imshow_winding_grid_winding_2_sim.png> <./ssh
2/periodic_100_6561/merge_imshow_winding_grids_sim.png>]
<./ssh1/periodic_100_6561/plot_feature_importances.png, id=260, 867.24pt x 867.
24pt>
File: ./ssh1/periodic_100_6561/plot_feature_importances.png Graphic file (type 
png)
<use ./ssh1/periodic_100_6561/plot_feature_importances.png>
Package pdftex.def Info: ./ssh1/periodic_100_6561/plot_feature_importances.png 
 used on input line 196.
(pdftex.def)             Requested size: 249.9028pt x 249.89197pt.
<./ssh2/periodic_100_6561/plot_feature_importances.png, id=261, 867.24pt x 867.
24pt>
File: ./ssh2/periodic_100_6561/plot_feature_importances.png Graphic file (type 
png)
<use ./ssh2/periodic_100_6561/plot_feature_importances.png>
Package pdftex.def Info: ./ssh2/periodic_100_6561/plot_feature_importances.png 
 used on input line 197.
(pdftex.def)             Requested size: 249.9028pt x 249.89197pt.
 (./main.bbl

LaTeX Warning: Reference `LastBibItem' on page 8 undefined on input line 9.

[8 <./ssh1/periodic_100_6561/plot_feature_importances.png> <./ssh2/periodic_100
_6561/plot_feature_importances.png>]) [9] [10]
<./phase_diagrams/ssh_model.pdf, id=309, 234.41824pt x 97.3522pt>
File: ./phase_diagrams/ssh_model.pdf Graphic file (type pdf)
<use ./phase_diagrams/ssh_model.pdf>
Package pdftex.def Info: ./phase_diagrams/ssh_model.pdf  used on input line 230
.
(pdftex.def)             Requested size: 188.69751pt x 78.3676pt.
<./phase_diagrams/winding.png, id=310, 439.6425pt x 348.30125pt>
File: ./phase_diagrams/winding.png Graphic file (type png)
<use ./phase_diagrams/winding.png>
Package pdftex.def Info: ./phase_diagrams/winding.png  used on input line 237.
(pdftex.def)             Requested size: 188.69751pt x 149.49025pt.
 [11 <./phase_diagrams/ssh_model.pdf> <./phase_diagrams/winding.png>]
<./ssh1/periodic_less_100_6561/merge_imshow_winding_grids_second_sim.png, id=44
5, 867.24pt x 867.24pt>
File: ./ssh1/periodic_less_100_6561/merge_imshow_winding_grids_second_sim.png G
raphic file (type png)
<use ./ssh1/periodic_less_100_6561/merge_imshow_winding_grids_second_sim.png>
Package pdftex.def Info: ./ssh1/periodic_less_100_6561/merge_imshow_winding_gri
ds_second_sim.png  used on input line 292.
(pdftex.def)             Requested size: 249.9028pt x 249.89197pt.
<./ssh2/periodic_less_100_6561/merge_imshow_winding_grids_sim.png, id=446, 867.
24pt x 867.24pt>
File: ./ssh2/periodic_less_100_6561/merge_imshow_winding_grids_sim.png Graphic 
file (type png)
<use ./ssh2/periodic_less_100_6561/merge_imshow_winding_grids_sim.png>
Package pdftex.def Info: ./ssh2/periodic_less_100_6561/merge_imshow_winding_gri
ds_sim.png  used on input line 293.
(pdftex.def)             Requested size: 249.9028pt x 249.89197pt.
 [12] [13 <./ssh1/periodic_less_100_6561/merge_imshow_winding_grids_second_sim.
png> <./ssh2/periodic_less_100_6561/merge_imshow_winding_grids_sim.png>] [14]
<./ssh1/periodic_140_6561/plot_feature_importances.png, id=497, 867.24pt x 867.
24pt>
File: ./ssh1/periodic_140_6561/plot_feature_importances.png Graphic file (type 
png)
<use ./ssh1/periodic_140_6561/plot_feature_importances.png>
Package pdftex.def Info: ./ssh1/periodic_140_6561/plot_feature_importances.png 
 used on input line 366.
(pdftex.def)             Requested size: 163.20374pt x 163.20259pt.
<./ssh1/periodic_180_6561/plot_feature_importances.png, id=498, 867.24pt x 867.
24pt>
File: ./ssh1/periodic_180_6561/plot_feature_importances.png Graphic file (type 
png)
<use ./ssh1/periodic_180_6561/plot_feature_importances.png>
Package pdftex.def Info: ./ssh1/periodic_180_6561/plot_feature_importances.png 
 used on input line 367.
(pdftex.def)             Requested size: 163.20374pt x 163.20259pt.
<./ssh1/periodic_220_6561/plot_feature_importances.png, id=499, 867.24pt x 867.
24pt>
File: ./ssh1/periodic_220_6561/plot_feature_importances.png Graphic file (type 
png)
<use ./ssh1/periodic_220_6561/plot_feature_importances.png>
Package pdftex.def Info: ./ssh1/periodic_220_6561/plot_feature_importances.png 
 used on input line 368.
(pdftex.def)             Requested size: 163.20374pt x 163.20259pt.
<./ssh2/periodic_140_6561/plot_feature_importances.png, id=500, 867.24pt x 867.
24pt>
File: ./ssh2/periodic_140_6561/plot_feature_importances.png Graphic file (type 
png)
<use ./ssh2/periodic_140_6561/plot_feature_importances.png>
Package pdftex.def Info: ./ssh2/periodic_140_6561/plot_feature_importances.png 
 used on input line 374.
(pdftex.def)             Requested size: 163.20374pt x 163.20259pt.
<./ssh2/periodic_180_6561/plot_feature_importances.png, id=501, 867.24pt x 867.
24pt>
File: ./ssh2/periodic_180_6561/plot_feature_importances.png Graphic file (type 
png)
<use ./ssh2/periodic_180_6561/plot_feature_importances.png>
Package pdftex.def Info: ./ssh2/periodic_180_6561/plot_feature_importances.png 
 used on input line 375.
(pdftex.def)             Requested size: 163.20374pt x 163.20259pt.
<./ssh2/periodic_220_6561/plot_feature_importances.png, id=502, 867.24pt x 867.
24pt>
File: ./ssh2/periodic_220_6561/plot_feature_importances.png Graphic file (type 
png)
<use ./ssh2/periodic_220_6561/plot_feature_importances.png>
Package pdftex.def Info: ./ssh2/periodic_220_6561/plot_feature_importances.png 
 used on input line 376.
(pdftex.def)             Requested size: 163.20374pt x 163.20259pt.
<./ssh1/periodic_140_6561/plot_cumulative_feature_importances.png, id=503, 867.
24pt x 867.24pt>
File: ./ssh1/periodic_140_6561/plot_cumulative_feature_importances.png Graphic 
file (type png)
<use ./ssh1/periodic_140_6561/plot_cumulative_feature_importances.png>
Package pdftex.def Info: ./ssh1/periodic_140_6561/plot_cumulative_feature_impor
tances.png  used on input line 383.
(pdftex.def)             Requested size: 163.20374pt x 163.20259pt.
<./ssh1/periodic_180_6561/plot_cumulative_feature_importances.png, id=504, 867.
24pt x 867.24pt>
File: ./ssh1/periodic_180_6561/plot_cumulative_feature_importances.png Graphic 
file (type png)
<use ./ssh1/periodic_180_6561/plot_cumulative_feature_importances.png>
Package pdftex.def Info: ./ssh1/periodic_180_6561/plot_cumulative_feature_impor
tances.png  used on input line 384.
(pdftex.def)             Requested size: 163.20374pt x 163.20259pt.
<./ssh1/periodic_220_6561/plot_cumulative_feature_importances.png, id=505, 867.
24pt x 867.24pt>
File: ./ssh1/periodic_220_6561/plot_cumulative_feature_importances.png Graphic 
file (type png)
<use ./ssh1/periodic_220_6561/plot_cumulative_feature_importances.png>
Package pdftex.def Info: ./ssh1/periodic_220_6561/plot_cumulative_feature_impor
tances.png  used on input line 385.
(pdftex.def)             Requested size: 163.20374pt x 163.20259pt.
<./ssh2/periodic_140_6561/plot_cumulative_feature_importances.png, id=506, 867.
24pt x 867.24pt>
File: ./ssh2/periodic_140_6561/plot_cumulative_feature_importances.png Graphic 
file (type png)
<use ./ssh2/periodic_140_6561/plot_cumulative_feature_importances.png>
Package pdftex.def Info: ./ssh2/periodic_140_6561/plot_cumulative_feature_impor
tances.png  used on input line 392.
(pdftex.def)             Requested size: 163.20374pt x 163.20259pt.
<./ssh2/periodic_180_6561/plot_cumulative_feature_importances.png, id=507, 867.
24pt x 867.24pt>
File: ./ssh2/periodic_180_6561/plot_cumulative_feature_importances.png Graphic 
file (type png)
<use ./ssh2/periodic_180_6561/plot_cumulative_feature_importances.png>
Package pdftex.def Info: ./ssh2/periodic_180_6561/plot_cumulative_feature_impor
tances.png  used on input line 393.
(pdftex.def)             Requested size: 163.20374pt x 163.20259pt.
<./ssh2/periodic_220_6561/plot_cumulative_feature_importances.png, id=508, 867.
24pt x 867.24pt>
File: ./ssh2/periodic_220_6561/plot_cumulative_feature_importances.png Graphic 
file (type png)
<use ./ssh2/periodic_220_6561/plot_cumulative_feature_importances.png>
Package pdftex.def Info: ./ssh2/periodic_220_6561/plot_cumulative_feature_impor
tances.png  used on input line 394.
(pdftex.def)             Requested size: 163.20374pt x 163.20259pt.
 [15 <./ssh1/periodic_140_6561/plot_feature_importances.png> <./ssh1/periodic_1
80_6561/plot_feature_importances.png> <./ssh1/periodic_220_6561/plot_feature_im
portances.png>] [16 <./ssh2/periodic_140_6561/plot_feature_importances.png> <./
ssh2/periodic_180_6561/plot_feature_importances.png> <./ssh2/periodic_220_6561/
plot_feature_importances.png> <./ssh1/periodic_140_6561/plot_cumulative_feature
_importances.png> <./ssh1/periodic_180_6561/plot_cumulative_feature_importances
.png> <./ssh1/periodic_220_6561/plot_cumulative_feature_importances.png>] [17 <
./ssh2/periodic_140_6561/plot_cumulative_feature_importances.png> <./ssh2/perio
dic_180_6561/plot_cumulative_feature_importances.png> <./ssh2/periodic_220_6561
/plot_cumulative_feature_importances.png>]
Package atveryend Info: Empty hook `AfterLastShipout' on input line 403.

(./main.aux)
Package atveryend Info: Executing hook `AtVeryEndDocument' on input line 403.
Package atveryend Info: Executing hook `AtEndAfterFileList' on input line 403.
Package rerunfilecheck Info: File `main.out' has not changed.
(rerunfilecheck)             Checksum: 35DA6F96BC797F23B8D9FFD984689C08;1408.


LaTeX Warning: There were undefined references.

 ) 
Here is how much of TeX's memory you used:
 9486 strings out of 492982
 139672 string characters out of 6134897
 246098 words of memory out of 5000000
 12725 multiletter control sequences out of 15000+600000
 24567 words of font info for 70 fonts, out of 8000000 for 9000
 1141 hyphenation exceptions out of 8191
 34i,9n,31p,1460b,551s stack positions out of 5000i,500n,10000p,200000b,80000s
{/usr/share/texmf/fonts/enc/dvips/cm-super/cm-super-t1.enc}</usr/share/texliv
e/texmf-dist/fonts/type1/public/amsfonts/cm/cmbx10.pfb></usr/share/texlive/texm
f-dist/fonts/type1/public/amsfonts/cm/cmex10.pfb></usr/share/texlive/texmf-dist
/fonts/type1/public/amsfonts/cm/cmmi10.pfb></usr/share/texlive/texmf-dist/fonts
/type1/public/amsfonts/cm/cmmi5.pfb></usr/share/texlive/texmf-dist/fonts/type1/
public/amsfonts/cm/cmmi7.pfb></usr/share/texlive/texmf-dist/fonts/type1/public/
amsfonts/cm/cmmi9.pfb></usr/share/texlive/texmf-dist/fonts/type1/public/amsfont
s/cm/cmmib10.pfb></usr/share/texlive/texmf-dist/fonts/type1/public/amsfonts/cm/
cmr10.pfb></usr/share/texlive/texmf-dist/fonts/type1/public/amsfonts/cm/cmr5.pf
b></usr/share/texlive/texmf-dist/fonts/type1/public/amsfonts/cm/cmr6.pfb></usr/
share/texlive/texmf-dist/fonts/type1/public/amsfonts/cm/cmr7.pfb></usr/share/te
xlive/texmf-dist/fonts/type1/public/amsfonts/cm/cmsy10.pfb></usr/share/texlive/
texmf-dist/fonts/type1/public/amsfonts/cm/cmsy6.pfb></usr/share/texlive/texmf-d
ist/fonts/type1/public/amsfonts/cm/cmsy7.pfb></usr/share/texlive/texmf-dist/fon
ts/type1/public/amsfonts/cm/cmsy9.pfb></usr/share/texlive/texmf-dist/fonts/type
1/public/amsfonts/symbols/msbm10.pfb></usr/share/texmf/fonts/type1/public/cm-su
per/sfbx0900.pfb></usr/share/texmf/fonts/type1/public/cm-super/sfbx1000.pfb></u
sr/share/texmf/fonts/type1/public/cm-super/sfbx1200.pfb></usr/share/texmf/fonts
/type1/public/cm-super/sfrm0700.pfb></usr/share/texmf/fonts/type1/public/cm-sup
er/sfrm0800.pfb></usr/share/texmf/fonts/type1/public/cm-super/sfrm0900.pfb></us
r/share/texmf/fonts/type1/public/cm-super/sfrm1000.pfb></usr/share/texmf/fonts/
type1/public/cm-super/sfti0900.pfb></usr/share/texmf/fonts/type1/public/cm-supe
r/sfti1000.pfb>
Output written on main.pdf (17 pages, 1526901 bytes).
PDF statistics:
 664 PDF objects out of 1000 (max. 8388607)
 523 compressed objects within 6 object streams
 146 named destinations out of 1000 (max. 500000)
 315 words of extra memory for PDF output out of 10000 (max. 10000000)

