This is pdfTeX, Version 3.14159265-2.6-1.40.18 (TeX Live 2017/Debian) (preloaded format=pdflatex 2020.5.2)  25 JUL 2020 18:03
entering extended mode
 restricted \write18 enabled.
 %&-line parsing enabled.
**supplementary.tex
(./supplementary.tex
LaTeX2e <2017-04-15>
Babel <3.18> and hyphenation patterns for 84 language(s) loaded.
(/usr/share/texlive/texmf-dist/tex/latex/revtex/revtex4-1.cls
Document Class: revtex4-1 2010/07/25/20:33:00 4.1r (http://publish.aps.org/revt
ex4/ for documentation)
 Copyright (c) 2009 The American Physical Society.
 mailto:revtex@aps.org
 Licensed under the LPPL:
http://www.ctan.org/tex-archive/macros/latex/base/lppl.txt
 Arthur Ogawa <arthur_ogawa at sbcglobal dot net>
 Based on work by David Carlisle <david at dcarlisle.demon.co.uk>.
ltxutil[2010/07/25/20:33:00 4.1r utilities package (portions licensed from W. E
. Baxter web at superscript.com)]
LaTeX Info: Redefining \@centercr on input line 308.
Class revtex4-1 Info: Repairing broken LaTeX eqnarray on input line 358.
\eqncolsep=\skip41
Class revtex4-1 Info: Repairing hyperref-unfriendly LaTeX definition of \mpfoot
note on input line 433.
Class revtex4-1 Info: Repairing broken LateX \@sect on input line 755.
\intertabularlinepenalty=\count79
\@tbpen=\count80
\@arstrutbox@hline=\box26
Class revtex4-1 Info: Repairing broken LaTeX \@xbitor on input line 1786.
Class revtex4-1 Info: Making \typeout \long on input line 2046.
ltxfront[2010/07/25/20:33:00 4.1r frontmatter package (AO,DPC)]
\c@affil=\count81
\c@collab=\count82
\absbox=\box27
ltxgrid[2010/07/25/20:33:00 4.1r page grid package (portions licensed from W. E
. Baxter web at superscript.com)]
\c@linecount=\count83
\output@latex=\toks14
\box@size@1=\box28
\box@size@2=\box29
\@protection@box=\box30
\@topmark@saved=\toks15
\footins@saved=\box31
\footins@recovered=\box32
\column@recovered=\box33
\pagesofar=\box34
\footsofar=\box35
\pagegrid@col=\count84
Class revtex4-1 Info: Overriding \@vspace, \@vspacer, \@no@pgbk, \@newline, and
 \\  on input line 5578.
\c@part=\count85
\c@section=\count86
\c@subsection=\count87
\c@subsubsection=\count88
\c@paragraph=\count89
\c@subparagraph=\count90
\abovecaptionskip=\skip42
\belowcaptionskip=\skip43
\c@figure=\count91
\fbox@1=\box36
\c@table=\count92
\fbox@2=\box37
\c@video=\count93
\fbox@4=\box38
\@bibdataout=\write3
\widetext@top=\box39
\widetext@bot=\box40

Class revtex4-1 Warning: No Society specified, using default society aps.

(/usr/share/texlive/texmf-dist/tex/latex/revtex/aps4-1.rtx
File: aps4-1 2010/07/25/20:33:00 4.1r (http://publish.aps.org/revtex4/ for docu
mentation)
Class revtex4-1 Info: RevTeX society APS selected on input line 31.
)

Class revtex4-1 Warning: No journal specified, using default pra.

Class revtex4-1 Info: APS journal PRA selected on input line 7545.
(/usr/share/texlive/texmf-dist/tex/latex/revtex/aps10pt4-1.rtx
File: aps10pt4-1 2010/07/25/20:33:00 4.1r (http://publish.aps.org/revtex4/ for 
documentation)
Class revtex4-1 Info: RevTeX pointsize 10pt selected on input line 30.
)
(/usr/share/texlive/texmf-dist/tex/latex/textcase/textcase.sty
Package: textcase 2004/10/07 v0.07 Text only upper/lower case changing (DPC)
)
(/usr/share/texlive/texmf-dist/tex/latex/url/url.sty
\Urlmuskip=\muskip10
Package: url 2013/09/16  ver 3.4  Verb mode for urls, etc.
)
(/usr/share/texlive/texmf-dist/tex/latex/natbib/natbib.sty
Package: natbib 2010/09/13 8.31b (PWD, AO)
\bibhang=\skip44
\bibsep=\skip45
LaTeX Info: Redefining \cite on input line 694.
\c@NAT@ctr=\count94
)
Class revtex4-1 Info: Repairing natbib's \BibitemShut on input line 7549.

(/usr/share/texlive/texmf-dist/tex/latex/revtex/revsymb4-1.sty
Package: revsymb4-1 2010/07/25/20:33:00 4.1r (http://publish.aps.org/revtex4/ f
or documentation)
LaTeX Info: Redefining \REV@mathfrak on input line 119.
))
(/usr/share/texlive/texmf-dist/tex/latex/graphics/graphicx.sty
Package: graphicx 2017/06/01 v1.1a Enhanced LaTeX Graphics (DPC,SPQR)

(/usr/share/texlive/texmf-dist/tex/latex/graphics/keyval.sty
Package: keyval 2014/10/28 v1.15 key=value parser (DPC)
\KV@toks@=\toks16
)
(/usr/share/texlive/texmf-dist/tex/latex/graphics/graphics.sty
Package: graphics 2017/06/25 v1.2c Standard LaTeX Graphics (DPC,SPQR)

(/usr/share/texlive/texmf-dist/tex/latex/graphics/trig.sty
Package: trig 2016/01/03 v1.10 sin cos tan (DPC)
)
(/usr/share/texlive/texmf-dist/tex/latex/graphics-cfg/graphics.cfg
File: graphics.cfg 2016/06/04 v1.11 sample graphics configuration
)
Package graphics Info: Driver file: pdftex.def on input line 99.

(/usr/share/texlive/texmf-dist/tex/latex/graphics-def/pdftex.def
File: pdftex.def 2018/01/08 v1.0l Graphics/color driver for pdftex
))
\Gin@req@height=\dimen102
\Gin@req@width=\dimen103
)
(/usr/share/texlive/texmf-dist/tex/latex/units/nicefrac.sty
Package: nicefrac 1998/08/04 v0.9b Nice fractions
\L@UnitsRaiseDisplaystyle=\skip46
\L@UnitsRaiseTextstyle=\skip47
\L@UnitsRaiseScriptstyle=\skip48

(/usr/share/texlive/texmf-dist/tex/latex/base/ifthen.sty
Package: ifthen 2014/09/29 v1.1c Standard LaTeX ifthen package (DPC)
))
(/usr/share/texlive/texmf-dist/tex/latex/amsfonts/amsfonts.sty
Package: amsfonts 2013/01/14 v3.01 Basic AMSFonts support
\@emptytoks=\toks17
\symAMSa=\mathgroup4
\symAMSb=\mathgroup5
LaTeX Font Info:    Overwriting math alphabet `\mathfrak' in version `bold'
(Font)                  U/euf/m/n --> U/euf/b/n on input line 106.
LaTeX Info: Redefining \frak on input line 111.
LaTeX Info: Redefining \Bbb on input line 113.
)
(/usr/share/texlive/texmf-dist/tex/latex/amsfonts/amssymb.sty
Package: amssymb 2013/01/14 v3.01 AMS font symbols
)
(/usr/share/texlive/texmf-dist/tex/latex/amsmath/amsmath.sty
Package: amsmath 2017/09/02 v2.17a AMS math features
\@mathmargin=\skip49

For additional information on amsmath, use the `?' option.
(/usr/share/texlive/texmf-dist/tex/latex/amsmath/amstext.sty
Package: amstext 2000/06/29 v2.01 AMS text

(/usr/share/texlive/texmf-dist/tex/latex/amsmath/amsgen.sty
File: amsgen.sty 1999/11/30 v2.0 generic functions
\@emptytoks=\toks18
\ex@=\dimen104
)
LaTeX Info: Redefining \text on input line 28.
)
(/usr/share/texlive/texmf-dist/tex/latex/amsmath/amsbsy.sty
Package: amsbsy 1999/11/29 v1.2d Bold Symbols
\pmbraise@=\dimen105
)
(/usr/share/texlive/texmf-dist/tex/latex/amsmath/amsopn.sty
Package: amsopn 2016/03/08 v2.02 operator names
)
\inf@bad=\count95
LaTeX Info: Redefining \frac on input line 213.
\uproot@=\count96
\leftroot@=\count97
LaTeX Info: Redefining \overline on input line 375.
\classnum@=\count98
\DOTSCASE@=\count99
LaTeX Info: Redefining \ldots on input line 472.
LaTeX Info: Redefining \dots on input line 475.
LaTeX Info: Redefining \cdots on input line 596.
\Mathstrutbox@=\box41
\strutbox@=\box42
\big@size=\dimen106
LaTeX Font Info:    Redeclaring font encoding OML on input line 712.
LaTeX Font Info:    Redeclaring font encoding OMS on input line 713.
\macc@depth=\count100
\c@MaxMatrixCols=\count101
\dotsspace@=\muskip11
\c@parentequation=\count102
\dspbrk@lvl=\count103
\tag@help=\toks19
\row@=\count104
\column@=\count105
\maxfields@=\count106
\andhelp@=\toks20
\eqnshift@=\dimen107
\alignsep@=\dimen108
\tagshift@=\dimen109
\tagwidth@=\dimen110
\totwidth@=\dimen111
\lineht@=\dimen112
\@envbody=\toks21
\multlinegap=\skip50
\multlinetaggap=\skip51
\mathdisplay@stack=\toks22
LaTeX Info: Redefining \[ on input line 2817.
LaTeX Info: Redefining \] on input line 2818.
)
(/usr/share/texlive/texmf-dist/tex/latex/subfigure/subfigure.sty
Package: subfigure 2002/03/15 v2.1.5 subfigure package
\subfigtopskip=\skip52
\subfigcapskip=\skip53
\subfigcaptopadj=\dimen113
\subfigbottomskip=\skip54
\subfigcapmargin=\dimen114
\subfiglabelskip=\skip55
\c@subfigure=\count107
\c@lofdepth=\count108
\c@subtable=\count109
\c@lotdepth=\count110

****************************************
* Local config file subfigure.cfg used *
****************************************
(/usr/share/texlive/texmf-dist/tex/latex/subfigure/subfigure.cfg)
\subfig@top=\skip56
\subfig@bottom=\skip57
)
(/usr/share/texlive/texmf-dist/tex/latex/multirow/multirow.sty
Package: multirow 2016/11/25 v2.2 Span multiple rows of a table
\multirow@colwidth=\skip58
\multirow@cntb=\count111
\multirow@dima=\skip59
\bigstrutjot=\dimen115
)
(/usr/share/texlive/texmf-dist/tex/latex/tools/tabularx.sty
Package: tabularx 2016/02/03 v2.11 `tabularx' package (DPC)

(/usr/share/texlive/texmf-dist/tex/latex/tools/array.sty
Package: array 2016/10/06 v2.4d Tabular extension package (FMi)
\col@sep=\dimen116
\extrarowheight=\dimen117
\NC@list=\toks23
\extratabsurround=\skip60
\backup@length=\skip61
)
\TX@col@width=\dimen118
\TX@old@table=\dimen119
\TX@old@col=\dimen120
\TX@target=\dimen121
\TX@delta=\dimen122
\TX@cols=\count112
\TX@ftn=\toks24
)
(/usr/share/texlive/texmf-dist/tex/latex/units/units.sty
Package: units 1998/08/04 v0.9b Typesetting units
)
(/usr/share/texlive/texmf-dist/tex/latex/tensor/tensor.sty
Package: tensor 2004/12/20 v2.1 tensor indices package (PGR)
LaTeX Info: Redefining \tensor on input line 24.
\tnsr@Sps=\toks25
\tnsr@Sbs=\toks26
\tnsr@Spe=\toks27
\tnsr@Sbe=\toks28
\ncld@Mno=\toks29
)
(/usr/share/texlive/texmf-dist/tex/latex/braket/braket.sty)
(/usr/share/texlive/texmf-dist/tex/latex/tools/bm.sty
Package: bm 2017/01/16 v1.2c Bold Symbol Support (DPC/FMi)
\symboldoperators=\mathgroup6
\symboldletters=\mathgroup7
\symboldsymbols=\mathgroup8
LaTeX Font Info:    Redeclaring math alphabet \mathbf on input line 141.
LaTeX Info: Redefining \bm on input line 207.
)
(/usr/share/texlive/texmf-dist/tex/latex/hyperref/hyperref.sty
Package: hyperref 2018/02/06 v6.86b Hypertext links for LaTeX

(/usr/share/texlive/texmf-dist/tex/generic/oberdiek/hobsub-hyperref.sty
Package: hobsub-hyperref 2016/05/16 v1.14 Bundle oberdiek, subset hyperref (HO)


(/usr/share/texlive/texmf-dist/tex/generic/oberdiek/hobsub-generic.sty
Package: hobsub-generic 2016/05/16 v1.14 Bundle oberdiek, subset generic (HO)
Package: hobsub 2016/05/16 v1.14 Construct package bundles (HO)
Package: infwarerr 2016/05/16 v1.4 Providing info/warning/error messages (HO)
Package: ltxcmds 2016/05/16 v1.23 LaTeX kernel commands for general use (HO)
Package: ifluatex 2016/05/16 v1.4 Provides the ifluatex switch (HO)
Package ifluatex Info: LuaTeX not detected.
Package: ifvtex 2016/05/16 v1.6 Detect VTeX and its facilities (HO)
Package ifvtex Info: VTeX not detected.
Package: intcalc 2016/05/16 v1.2 Expandable calculations with integers (HO)
Package: ifpdf 2017/03/15 v3.2 Provides the ifpdf switch
Package: etexcmds 2016/05/16 v1.6 Avoid name clashes with e-TeX commands (HO)
Package etexcmds Info: Could not find \expanded.
(etexcmds)             That can mean that you are not using pdfTeX 1.50 or
(etexcmds)             that some package has redefined \expanded.
(etexcmds)             In the latter case, load this package earlier.
Package: kvsetkeys 2016/05/16 v1.17 Key value parser (HO)
Package: kvdefinekeys 2016/05/16 v1.4 Define keys (HO)
Package: pdftexcmds 2018/01/21 v0.26 Utility functions of pdfTeX for LuaTeX (HO
)
Package pdftexcmds Info: LuaTeX not detected.
Package pdftexcmds Info: \pdf@primitive is available.
Package pdftexcmds Info: \pdf@ifprimitive is available.
Package pdftexcmds Info: \pdfdraftmode found.
Package: pdfescape 2016/05/16 v1.14 Implements pdfTeX's escape features (HO)
Package: bigintcalc 2016/05/16 v1.4 Expandable calculations on big integers (HO
)
Package: bitset 2016/05/16 v1.2 Handle bit-vector datatype (HO)
Package: uniquecounter 2016/05/16 v1.3 Provide unlimited unique counter (HO)
)
Package hobsub Info: Skipping package `hobsub' (already loaded).
Package: letltxmacro 2016/05/16 v1.5 Let assignment for LaTeX macros (HO)
Package: hopatch 2016/05/16 v1.3 Wrapper for package hooks (HO)
Package: xcolor-patch 2016/05/16 xcolor patch
Package: atveryend 2016/05/16 v1.9 Hooks at the very end of document (HO)
Package: atbegshi 2016/06/09 v1.18 At begin shipout hook (HO)
Package: refcount 2016/05/16 v3.5 Data extraction from label references (HO)
Package: hycolor 2016/05/16 v1.8 Color options for hyperref/bookmark (HO)
)
(/usr/share/texlive/texmf-dist/tex/generic/ifxetex/ifxetex.sty
Package: ifxetex 2010/09/12 v0.6 Provides ifxetex conditional
)
(/usr/share/texlive/texmf-dist/tex/latex/oberdiek/auxhook.sty
Package: auxhook 2016/05/16 v1.4 Hooks for auxiliary files (HO)
)
(/usr/share/texlive/texmf-dist/tex/latex/oberdiek/kvoptions.sty
Package: kvoptions 2016/05/16 v3.12 Key value format for package options (HO)
)
\@linkdim=\dimen123
\Hy@linkcounter=\count113
\Hy@pagecounter=\count114

(/usr/share/texlive/texmf-dist/tex/latex/hyperref/pd1enc.def
File: pd1enc.def 2018/02/06 v6.86b Hyperref: PDFDocEncoding definition (HO)
)
\Hy@SavedSpaceFactor=\count115

(/usr/share/texlive/texmf-dist/tex/latex/latexconfig/hyperref.cfg
File: hyperref.cfg 2002/06/06 v1.2 hyperref configuration of TeXLive
)
Package hyperref Info: Hyper figures OFF on input line 4509.
Package hyperref Info: Link nesting OFF on input line 4514.
Package hyperref Info: Hyper index ON on input line 4517.
Package hyperref Info: Plain pages OFF on input line 4524.
Package hyperref Info: Backreferencing OFF on input line 4529.
Package hyperref Info: Implicit mode ON; LaTeX internals redefined.
Package hyperref Info: Bookmarks ON on input line 4762.
LaTeX Info: Redefining \href on input line 5026.
\c@Hy@tempcnt=\count116
LaTeX Info: Redefining \url on input line 5115.
\XeTeXLinkMargin=\dimen124
\Fld@menulength=\count117
\Field@Width=\dimen125
\Fld@charsize=\dimen126
Package hyperref Info: Hyper figures OFF on input line 6369.
Package hyperref Info: Link nesting OFF on input line 6374.
Package hyperref Info: Hyper index ON on input line 6377.
Package hyperref Info: backreferencing OFF on input line 6384.
Package hyperref Info: Link coloring OFF on input line 6389.
Package hyperref Info: Link coloring with OCG OFF on input line 6394.
Package hyperref Info: PDF/A mode OFF on input line 6399.
LaTeX Info: Redefining \ref on input line 6439.
LaTeX Info: Redefining \pageref on input line 6443.
\Hy@abspage=\count118
\c@Item=\count119
\c@Hfootnote=\count120
)
Package hyperref Info: Driver (autodetected): hpdftex.

(/usr/share/texlive/texmf-dist/tex/latex/hyperref/hpdftex.def
File: hpdftex.def 2018/02/06 v6.86b Hyperref driver for pdfTeX
\Fld@listcount=\count121
\c@bookmark@seq@number=\count122

(/usr/share/texlive/texmf-dist/tex/latex/oberdiek/rerunfilecheck.sty
Package: rerunfilecheck 2016/05/16 v1.8 Rerun checks for auxiliary files (HO)
Package uniquecounter Info: New unique counter `rerunfilecheck' on input line 2
82.
)
\Hy@SectionHShift=\skip62
)
(/usr/share/texlive/texmf-dist/tex/latex/multibib/multibib.sty
Package: multibib 2008/12/10 v1.4 Multiple bibliographies for one document.
\mb@biblabelwidth=\count123
)
Class revtex4-1 Info: Unrecognized array package. Please update this document c
lass! (Proceeding with fingers crossed.) on input line 46.
Class revtex4-1 Info: Robustifying \LaTeX's \boldmath command on input line 46.

Class revtex4-1 Info: cite was not loaded (OK!) on input line 46.
Class revtex4-1 Info: mcite was not loaded (OK!) on input line 46.
Class revtex4-1 Info: multicol was not loaded (OK!) on input line 46.

(./supplementary.aux)
\openout1 = `supplementary.aux'.

LaTeX Font Info:    Checking defaults for OML/cmm/m/it on input line 46.
LaTeX Font Info:    ... okay on input line 46.
LaTeX Font Info:    Checking defaults for T1/cmr/m/n on input line 46.
LaTeX Font Info:    ... okay on input line 46.
LaTeX Font Info:    Checking defaults for OT1/cmr/m/n on input line 46.
LaTeX Font Info:    ... okay on input line 46.
LaTeX Font Info:    Checking defaults for OMS/cmsy/m/n on input line 46.
LaTeX Font Info:    ... okay on input line 46.
LaTeX Font Info:    Checking defaults for OMX/cmex/m/n on input line 46.
LaTeX Font Info:    ... okay on input line 46.
LaTeX Font Info:    Checking defaults for U/cmr/m/n on input line 46.
LaTeX Font Info:    ... okay on input line 46.
LaTeX Font Info:    Checking defaults for PD1/pdf/m/n on input line 46.
LaTeX Font Info:    ... okay on input line 46.

(/usr/share/texlive/texmf-dist/tex/context/base/mkii/supp-pdf.mkii
[Loading MPS to PDF converter (version 2006.09.02).]
\scratchcounter=\count124
\scratchdimen=\dimen127
\scratchbox=\box43
\nofMPsegments=\count125
\nofMParguments=\count126
\everyMPshowfont=\toks30
\MPscratchCnt=\count127
\MPscratchDim=\dimen128
\MPnumerator=\count128
\makeMPintoPDFobject=\count129
\everyMPtoPDFconversion=\toks31
) (/usr/share/texlive/texmf-dist/tex/latex/oberdiek/epstopdf-base.sty
Package: epstopdf-base 2016/05/15 v2.6 Base part for package epstopdf

(/usr/share/texlive/texmf-dist/tex/latex/oberdiek/grfext.sty
Package: grfext 2016/05/16 v1.2 Manage graphics extensions (HO)
)
Package epstopdf-base Info: Redefining graphics rule for `.eps' on input line 4
38.
Package grfext Info: Graphics extension search list:
(grfext)             [.pdf,.png,.jpg,.mps,.jpeg,.jbig2,.jb2,.PDF,.PNG,.JPG,.JPE
G,.JBIG2,.JB2,.eps]
(grfext)             \AppendGraphicsExtensions on input line 456.

(/usr/share/texlive/texmf-dist/tex/latex/latexconfig/epstopdf-sys.cfg
File: epstopdf-sys.cfg 2010/07/13 v1.3 Configuration of (r)epstopdf for TeX Liv
e
))
\AtBeginShipoutBox=\box44
Package hyperref Info: Link coloring OFF on input line 46.

(/usr/share/texlive/texmf-dist/tex/latex/hyperref/nameref.sty
Package: nameref 2016/05/21 v2.44 Cross-referencing by name of section

(/usr/share/texlive/texmf-dist/tex/generic/oberdiek/gettitlestring.sty
Package: gettitlestring 2016/05/16 v1.5 Cleanup title references (HO)
)
\c@section@level=\count130
)
LaTeX Info: Redefining \ref on input line 46.
LaTeX Info: Redefining \pageref on input line 46.
LaTeX Info: Redefining \nameref on input line 46.

(./supplementary.out) (./supplementary.out)
\@outlinefile=\write4
\openout4 = `supplementary.out'.

Class revtex4-1 Info: Taking \maketitle back from hyperref on input line 46.
\openout3 = `supplementaryNotes.bib'.

<./ssh/ssh_model.pdf, id=24, 234.41824pt x 97.3522pt>
File: ./ssh/ssh_model.pdf Graphic file (type pdf)
<use ./ssh/ssh_model.pdf>
Package pdftex.def Info: ./ssh/ssh_model.pdf  used on input line 51.
(pdftex.def)             Requested size: 188.69751pt x 78.3676pt.
LaTeX Font Info:    Try loading font information for U+msa on input line 52.

(/usr/share/texlive/texmf-dist/tex/latex/amsfonts/umsa.fd
File: umsa.fd 2013/01/14 v3.01 AMS symbols A
)
LaTeX Font Info:    Try loading font information for U+msb on input line 52.

(/usr/share/texlive/texmf-dist/tex/latex/amsfonts/umsb.fd
File: umsb.fd 2013/01/14 v3.01 AMS symbols B
)
<./ssh/winding.png, id=25, 439.6425pt x 348.30125pt>
File: ./ssh/winding.png Graphic file (type png)
<use ./ssh/winding.png>
Package pdftex.def Info: ./ssh/winding.png  used on input line 58.
(pdftex.def)             Requested size: 188.69751pt x 149.49025pt.
 [1{/var/lib/texmf/fonts/map/pdftex/updmap/pdftex.map} <./ssh/ssh_model.pdf> <.
/ssh/winding.png>]
<./supp_figures/ssh1/periodic_100_6561/real_space_best_04_sites/merge_imshow_wi
nding_grids_second_sim.png, id=174, 867.24pt x 867.24pt>
File: ./supp_figures/ssh1/periodic_100_6561/real_space_best_04_sites/merge_imsh
ow_winding_grids_second_sim.png Graphic file (type png)
<use ./supp_figures/ssh1/periodic_100_6561/real_space_best_04_sites/merge_imsho
w_winding_grids_second_sim.png>
Package pdftex.def Info: ./supp_figures/ssh1/periodic_100_6561/real_space_best_
04_sites/merge_imshow_winding_grids_second_sim.png  used on input line 112.
(pdftex.def)             Requested size: 163.20374pt x 163.20259pt.
<./supp_figures/ssh1/periodic_100_6561/dct_best_04_wavevector_sites_from_best_0
4_real_space_sites/merge_imshow_winding_grids_second_sim.png, id=175, 867.24pt 
x 867.24pt>
File: ./supp_figures/ssh1/periodic_100_6561/dct_best_04_wavevector_sites_from_b
est_04_real_space_sites/merge_imshow_winding_grids_second_sim.png Graphic file 
(type png)
<use ./supp_figures/ssh1/periodic_100_6561/dct_best_04_wavevector_sites_from_be
st_04_real_space_sites/merge_imshow_winding_grids_second_sim.png>
Package pdftex.def Info: ./supp_figures/ssh1/periodic_100_6561/dct_best_04_wave
vector_sites_from_best_04_real_space_sites/merge_imshow_winding_grids_second_si
m.png  used on input line 113.
(pdftex.def)             Requested size: 163.20374pt x 163.20259pt.
<./supp_figures/ssh1/periodic_100_6561/dst_best_04_wavevector_sites_from_best_0
4_real_space_sites/merge_imshow_winding_grids_second_sim.png, id=176, 867.24pt 
x 867.24pt>
File: ./supp_figures/ssh1/periodic_100_6561/dst_best_04_wavevector_sites_from_b
est_04_real_space_sites/merge_imshow_winding_grids_second_sim.png Graphic file 
(type png)
<use ./supp_figures/ssh1/periodic_100_6561/dst_best_04_wavevector_sites_from_be
st_04_real_space_sites/merge_imshow_winding_grids_second_sim.png>
Package pdftex.def Info: ./supp_figures/ssh1/periodic_100_6561/dst_best_04_wave
vector_sites_from_best_04_real_space_sites/merge_imshow_winding_grids_second_si
m.png  used on input line 114.
(pdftex.def)             Requested size: 163.20374pt x 163.20259pt.
<./supp_figures/ssh2/periodic_100_6561/real_space_best_12_sites/merge_imshow_wi
nding_grids_sim.png, id=177, 867.24pt x 867.24pt>
File: ./supp_figures/ssh2/periodic_100_6561/real_space_best_12_sites/merge_imsh
ow_winding_grids_sim.png Graphic file (type png)
<use ./supp_figures/ssh2/periodic_100_6561/real_space_best_12_sites/merge_imsho
w_winding_grids_sim.png>
Package pdftex.def Info: ./supp_figures/ssh2/periodic_100_6561/real_space_best_
12_sites/merge_imshow_winding_grids_sim.png  used on input line 121.
(pdftex.def)             Requested size: 163.20374pt x 163.20259pt.
<./supp_figures/ssh2/periodic_100_6561/dct_best_12_wavevector_sites_from_best_1
2_real_space_sites/merge_imshow_winding_grids_sim.png, id=178, 867.24pt x 867.2
4pt>
File: ./supp_figures/ssh2/periodic_100_6561/dct_best_12_wavevector_sites_from_b
est_12_real_space_sites/merge_imshow_winding_grids_sim.png Graphic file (type p
ng)
<use ./supp_figures/ssh2/periodic_100_6561/dct_best_12_wavevector_sites_from_be
st_12_real_space_sites/merge_imshow_winding_grids_sim.png>
Package pdftex.def Info: ./supp_figures/ssh2/periodic_100_6561/dct_best_12_wave
vector_sites_from_best_12_real_space_sites/merge_imshow_winding_grids_sim.png  
used on input line 122.
(pdftex.def)             Requested size: 163.20374pt x 163.20259pt.
<./supp_figures/ssh2/periodic_100_6561/dst_best_12_wavevector_sites_from_best_1
2_real_space_sites/merge_imshow_winding_grids_sim.png, id=179, 867.24pt x 867.2
4pt>
File: ./supp_figures/ssh2/periodic_100_6561/dst_best_12_wavevector_sites_from_b
est_12_real_space_sites/merge_imshow_winding_grids_sim.png Graphic file (type p
ng)
<use ./supp_figures/ssh2/periodic_100_6561/dst_best_12_wavevector_sites_from_be
st_12_real_space_sites/merge_imshow_winding_grids_sim.png>
Package pdftex.def Info: ./supp_figures/ssh2/periodic_100_6561/dst_best_12_wave
vector_sites_from_best_12_real_space_sites/merge_imshow_winding_grids_sim.png  
used on input line 123.
(pdftex.def)             Requested size: 163.20374pt x 163.20259pt.

[2 <./supp_figures/ssh1/periodic_100_6561/real_space_best_04_sites/merge_imshow
_winding_grids_second_sim.png> <./supp_figures/ssh1/periodic_100_6561/dct_best_
04_wavevector_sites_from_best_04_real_space_sites/merge_imshow_winding_grids_se
cond_sim.png> <./supp_figures/ssh1/periodic_100_6561/dst_best_04_wavevector_sit
es_from_best_04_real_space_sites/merge_imshow_winding_grids_second_sim.png>]
[3 <./supp_figures/ssh2/periodic_100_6561/real_space_best_12_sites/merge_imshow
_winding_grids_sim.png> <./supp_figures/ssh2/periodic_100_6561/dct_best_12_wave
vector_sites_from_best_12_real_space_sites/merge_imshow_winding_grids_sim.png> 
<./supp_figures/ssh2/periodic_100_6561/dst_best_12_wavevector_sites_from_best_1
2_real_space_sites/merge_imshow_winding_grids_sim.png>]
<./supp_figures/ssh1/periodic_140_6561/plot_feature_importances.png, id=223, 86
7.24pt x 867.24pt>
File: ./supp_figures/ssh1/periodic_140_6561/plot_feature_importances.png Graphi
c file (type png)
<use ./supp_figures/ssh1/periodic_140_6561/plot_feature_importances.png>
Package pdftex.def Info: ./supp_figures/ssh1/periodic_140_6561/plot_feature_imp
ortances.png  used on input line 173.
(pdftex.def)             Requested size: 163.20374pt x 163.20259pt.
<./supp_figures/ssh1/periodic_180_6561/plot_feature_importances.png, id=224, 86
7.24pt x 867.24pt>
File: ./supp_figures/ssh1/periodic_180_6561/plot_feature_importances.png Graphi
c file (type png)
<use ./supp_figures/ssh1/periodic_180_6561/plot_feature_importances.png>
Package pdftex.def Info: ./supp_figures/ssh1/periodic_180_6561/plot_feature_imp
ortances.png  used on input line 174.
(pdftex.def)             Requested size: 163.20374pt x 163.20259pt.
<./supp_figures/ssh1/periodic_220_6561/plot_feature_importances.png, id=225, 86
7.24pt x 867.24pt>
File: ./supp_figures/ssh1/periodic_220_6561/plot_feature_importances.png Graphi
c file (type png)
<use ./supp_figures/ssh1/periodic_220_6561/plot_feature_importances.png>
Package pdftex.def Info: ./supp_figures/ssh1/periodic_220_6561/plot_feature_imp
ortances.png  used on input line 175.
(pdftex.def)             Requested size: 163.20374pt x 163.20259pt.
<./supp_figures/ssh2/periodic_140_6561/plot_feature_importances.png, id=226, 86
7.24pt x 867.24pt>
File: ./supp_figures/ssh2/periodic_140_6561/plot_feature_importances.png Graphi
c file (type png)
<use ./supp_figures/ssh2/periodic_140_6561/plot_feature_importances.png>
Package pdftex.def Info: ./supp_figures/ssh2/periodic_140_6561/plot_feature_imp
ortances.png  used on input line 181.
(pdftex.def)             Requested size: 163.20374pt x 163.20259pt.
<./supp_figures/ssh2/periodic_180_6561/plot_feature_importances.png, id=227, 86
7.24pt x 867.24pt>
File: ./supp_figures/ssh2/periodic_180_6561/plot_feature_importances.png Graphi
c file (type png)
<use ./supp_figures/ssh2/periodic_180_6561/plot_feature_importances.png>
Package pdftex.def Info: ./supp_figures/ssh2/periodic_180_6561/plot_feature_imp
ortances.png  used on input line 182.
(pdftex.def)             Requested size: 163.20374pt x 163.20259pt.
<./supp_figures/ssh2/periodic_220_6561/plot_feature_importances.png, id=228, 86
7.24pt x 867.24pt>
File: ./supp_figures/ssh2/periodic_220_6561/plot_feature_importances.png Graphi
c file (type png)
<use ./supp_figures/ssh2/periodic_220_6561/plot_feature_importances.png>
Package pdftex.def Info: ./supp_figures/ssh2/periodic_220_6561/plot_feature_imp
ortances.png  used on input line 183.
(pdftex.def)             Requested size: 163.20374pt x 163.20259pt.
<./supp_figures/ssh1/periodic_140_6561/plot_cumulative_feature_importances.png,
 id=229, 867.24pt x 867.24pt>
File: ./supp_figures/ssh1/periodic_140_6561/plot_cumulative_feature_importances
.png Graphic file (type png)
<use ./supp_figures/ssh1/periodic_140_6561/plot_cumulative_feature_importances.
png>
Package pdftex.def Info: ./supp_figures/ssh1/periodic_140_6561/plot_cumulative_
feature_importances.png  used on input line 190.
(pdftex.def)             Requested size: 163.20374pt x 163.20259pt.
<./supp_figures/ssh1/periodic_180_6561/plot_cumulative_feature_importances.png,
 id=230, 867.24pt x 867.24pt>
File: ./supp_figures/ssh1/periodic_180_6561/plot_cumulative_feature_importances
.png Graphic file (type png)
<use ./supp_figures/ssh1/periodic_180_6561/plot_cumulative_feature_importances.
png>
Package pdftex.def Info: ./supp_figures/ssh1/periodic_180_6561/plot_cumulative_
feature_importances.png  used on input line 191.
(pdftex.def)             Requested size: 163.20374pt x 163.20259pt.
<./supp_figures/ssh1/periodic_220_6561/plot_cumulative_feature_importances.png,
 id=231, 867.24pt x 867.24pt>
File: ./supp_figures/ssh1/periodic_220_6561/plot_cumulative_feature_importances
.png Graphic file (type png)
<use ./supp_figures/ssh1/periodic_220_6561/plot_cumulative_feature_importances.
png>
Package pdftex.def Info: ./supp_figures/ssh1/periodic_220_6561/plot_cumulative_
feature_importances.png  used on input line 192.
(pdftex.def)             Requested size: 163.20374pt x 163.20259pt.
<./supp_figures/ssh2/periodic_140_6561/plot_cumulative_feature_importances.png,
 id=232, 867.24pt x 867.24pt>
File: ./supp_figures/ssh2/periodic_140_6561/plot_cumulative_feature_importances
.png Graphic file (type png)
<use ./supp_figures/ssh2/periodic_140_6561/plot_cumulative_feature_importances.
png>
Package pdftex.def Info: ./supp_figures/ssh2/periodic_140_6561/plot_cumulative_
feature_importances.png  used on input line 199.
(pdftex.def)             Requested size: 163.20374pt x 163.20259pt.
<./supp_figures/ssh2/periodic_180_6561/plot_cumulative_feature_importances.png,
 id=233, 867.24pt x 867.24pt>
File: ./supp_figures/ssh2/periodic_180_6561/plot_cumulative_feature_importances
.png Graphic file (type png)
<use ./supp_figures/ssh2/periodic_180_6561/plot_cumulative_feature_importances.
png>
Package pdftex.def Info: ./supp_figures/ssh2/periodic_180_6561/plot_cumulative_
feature_importances.png  used on input line 200.
(pdftex.def)             Requested size: 163.20374pt x 163.20259pt.
<./supp_figures/ssh2/periodic_220_6561/plot_cumulative_feature_importances.png,
 id=234, 867.24pt x 867.24pt>
File: ./supp_figures/ssh2/periodic_220_6561/plot_cumulative_feature_importances
.png Graphic file (type png)
<use ./supp_figures/ssh2/periodic_220_6561/plot_cumulative_feature_importances.
png>
Package pdftex.def Info: ./supp_figures/ssh2/periodic_220_6561/plot_cumulative_
feature_importances.png  used on input line 201.
(pdftex.def)             Requested size: 163.20374pt x 163.20259pt.


LaTeX Warning: Reference `LastBibItem' on page 4 undefined on input line 211.

No file supplementary.bbl.
[4] [5 <./supp_figures/ssh1/periodic_140_6561/plot_feature_importances.png> <./
supp_figures/ssh1/periodic_180_6561/plot_feature_importances.png> <./supp_figur
es/ssh1/periodic_220_6561/plot_feature_importances.png> <./supp_figures/ssh2/pe
riodic_140_6561/plot_feature_importances.png> <./supp_figures/ssh2/periodic_180
_6561/plot_feature_importances.png> <./supp_figures/ssh2/periodic_220_6561/plot
_feature_importances.png> <./supp_figures/ssh1/periodic_140_6561/plot_cumulativ
e_feature_importances.png> <./supp_figures/ssh1/periodic_180_6561/plot_cumulati
ve_feature_importances.png> <./supp_figures/ssh1/periodic_220_6561/plot_cumulat
ive_feature_importances.png>] [6 <./supp_figures/ssh2/periodic_140_6561/plot_cu
mulative_feature_importances.png> <./supp_figures/ssh2/periodic_180_6561/plot_c
umulative_feature_importances.png> <./supp_figures/ssh2/periodic_220_6561/plot_
cumulative_feature_importances.png>]
Package atveryend Info: Empty hook `AfterLastShipout' on input line 311.
 (./supplementary.aux)
Package atveryend Info: Executing hook `AtVeryEndDocument' on input line 311.
Package atveryend Info: Executing hook `AtEndAfterFileList' on input line 311.
Package rerunfilecheck Info: File `supplementary.out' has not changed.
(rerunfilecheck)             Checksum: C6FDC0AA42161F04B30523837E3E7085;344.


LaTeX Warning: There were undefined references.

 ) 
Here is how much of TeX's memory you used:
 8555 strings out of 492982
 126670 string characters out of 6134897
 231103 words of memory out of 5000000
 11936 multiletter control sequences out of 15000+600000
 14034 words of font info for 52 fonts, out of 8000000 for 9000
 1141 hyphenation exceptions out of 8191
 28i,9n,28p,1182b,344s stack positions out of 5000i,500n,10000p,200000b,80000s
</usr/share/texlive/texmf-dist/fonts/type1/public/amsfonts/cm/cmbx10.pfb></us
r/share/texlive/texmf-dist/fonts/type1/public/amsfonts/cm/cmbx9.pfb></usr/share
/texlive/texmf-dist/fonts/type1/public/amsfonts/cm/cmex10.pfb></usr/share/texli
ve/texmf-dist/fonts/type1/public/amsfonts/cm/cmmi10.pfb></usr/share/texlive/tex
mf-dist/fonts/type1/public/amsfonts/cm/cmmi5.pfb></usr/share/texlive/texmf-dist
/fonts/type1/public/amsfonts/cm/cmmi6.pfb></usr/share/texlive/texmf-dist/fonts/
type1/public/amsfonts/cm/cmmi7.pfb></usr/share/texlive/texmf-dist/fonts/type1/p
ublic/amsfonts/cm/cmmi9.pfb></usr/share/texlive/texmf-dist/fonts/type1/public/a
msfonts/cm/cmmib10.pfb></usr/share/texlive/texmf-dist/fonts/type1/public/amsfon
ts/cm/cmr10.pfb></usr/share/texlive/texmf-dist/fonts/type1/public/amsfonts/cm/c
mr5.pfb></usr/share/texlive/texmf-dist/fonts/type1/public/amsfonts/cm/cmr6.pfb>
</usr/share/texlive/texmf-dist/fonts/type1/public/amsfonts/cm/cmr7.pfb></usr/sh
are/texlive/texmf-dist/fonts/type1/public/amsfonts/cm/cmr8.pfb></usr/share/texl
ive/texmf-dist/fonts/type1/public/amsfonts/cm/cmr9.pfb></usr/share/texlive/texm
f-dist/fonts/type1/public/amsfonts/cm/cmsy10.pfb></usr/share/texlive/texmf-dist
/fonts/type1/public/amsfonts/cm/cmsy6.pfb></usr/share/texlive/texmf-dist/fonts/
type1/public/amsfonts/cm/cmsy7.pfb></usr/share/texlive/texmf-dist/fonts/type1/p
ublic/amsfonts/cm/cmti10.pfb></usr/share/texlive/texmf-dist/fonts/type1/public/
amsfonts/cm/cmti9.pfb></usr/share/texlive/texmf-dist/fonts/type1/public/amsfont
s/symbols/msbm10.pfb>
Output written on supplementary.pdf (6 pages, 910405 bytes).
PDF statistics:
 361 PDF objects out of 1000 (max. 8388607)
 266 compressed objects within 3 object streams
 49 named destinations out of 1000 (max. 500000)
 141 words of extra memory for PDF output out of 10000 (max. 10000000)

