\BOOKMARK [1][-]{section*.1}{Reply to the first referee }{}% 1
\BOOKMARK [1][-]{section*.2}{Reply to the second referee}{}% 2
\BOOKMARK [2][-]{section*.3}{Major}{section*.2}% 3
\BOOKMARK [2][-]{section*.4}{Minor}{section*.2}% 4
\BOOKMARK [0][-]{section*.6}{Machine learning topological phases in real space}{}% 6
\BOOKMARK [1][-]{section*.5}{Abstract}{section*.2}% 5
\BOOKMARK [1][-]{section*.7}{Introduction}{section*.6}% 7
\BOOKMARK [1][-]{section*.9}{The eigenvector ensembling algorithm}{section*.6}% 8
\BOOKMARK [1][-]{section*.10}{Numerical experiments}{section*.6}% 9
\BOOKMARK [2][-]{section*.11}{Experiment 1: Learning a first-neighbor hopping SSH model with decision trees}{section*.10}% 10
\BOOKMARK [2][-]{section*.13}{Experiment 2: Learning a first- and second-neighbor hoppings SSH model with random forests}{section*.10}% 11
\BOOKMARK [1][-]{section*.15}{Information entropy signatures}{section*.6}% 12
\BOOKMARK [1][-]{section*.18}{Topological feature engineering and lattice compression}{section*.6}% 13
\BOOKMARK [1][-]{section*.20}{Emergent information entropy wave functions}{section*.6}% 14
\BOOKMARK [1][-]{section*.21}{Discussion}{section*.6}% 15
\BOOKMARK [1][-]{section*.23}{References}{section*.6}% 16
\BOOKMARK [1][-]{section*.24}{Acknowledgements}{section*.6}% 17
\BOOKMARK [1][-]{section*.25}{Author contributions}{section*.6}% 18
\BOOKMARK [1][-]{section*.26}{Competing financial interests}{section*.6}% 19
\BOOKMARK [1][-]{section*.27}{Additional information}{section*.6}% 20
