This is pdfTeX, Version 3.14159265-2.6-1.40.18 (TeX Live 2017/Debian) (preloaded format=pdflatex 2020.5.2)  20 JUL 2020 22:16
entering extended mode
 restricted \write18 enabled.
 %&-line parsing enabled.
**article.tex
(./article.tex
LaTeX2e <2017-04-15>
Babel <3.18> and hyphenation patterns for 84 language(s) loaded.
(/usr/share/texlive/texmf-dist/tex/latex/revtex/revtex4-1.cls
Document Class: revtex4-1 2010/07/25/20:33:00 4.1r (http://publish.aps.org/revt
ex4/ for documentation)
 Copyright (c) 2009 The American Physical Society.
 mailto:revtex@aps.org
 Licensed under the LPPL:
http://www.ctan.org/tex-archive/macros/latex/base/lppl.txt
 Arthur Ogawa <arthur_ogawa at sbcglobal dot net>
 Based on work by David Carlisle <david at dcarlisle.demon.co.uk>.
ltxutil[2010/07/25/20:33:00 4.1r utilities package (portions licensed from W. E
. Baxter web at superscript.com)]
LaTeX Info: Redefining \@centercr on input line 308.
Class revtex4-1 Info: Repairing broken LaTeX eqnarray on input line 358.
\eqncolsep=\skip41
Class revtex4-1 Info: Repairing hyperref-unfriendly LaTeX definition of \mpfoot
note on input line 433.
Class revtex4-1 Info: Repairing broken LateX \@sect on input line 755.
\intertabularlinepenalty=\count79
\@tbpen=\count80
\@arstrutbox@hline=\box26
Class revtex4-1 Info: Repairing broken LaTeX \@xbitor on input line 1786.
Class revtex4-1 Info: Making \typeout \long on input line 2046.
ltxfront[2010/07/25/20:33:00 4.1r frontmatter package (AO,DPC)]
\c@affil=\count81
\c@collab=\count82
\absbox=\box27
ltxgrid[2010/07/25/20:33:00 4.1r page grid package (portions licensed from W. E
. Baxter web at superscript.com)]
\c@linecount=\count83
\output@latex=\toks14
\box@size@1=\box28
\box@size@2=\box29
\@protection@box=\box30
\@topmark@saved=\toks15
\footins@saved=\box31
\footins@recovered=\box32
\column@recovered=\box33
\pagesofar=\box34
\footsofar=\box35
\pagegrid@col=\count84
Class revtex4-1 Info: Overriding \@vspace, \@vspacer, \@no@pgbk, \@newline, and
 \\  on input line 5578.
\c@part=\count85
\c@section=\count86
\c@subsection=\count87
\c@subsubsection=\count88
\c@paragraph=\count89
\c@subparagraph=\count90
\abovecaptionskip=\skip42
\belowcaptionskip=\skip43
\c@figure=\count91
\fbox@1=\box36
\c@table=\count92
\fbox@2=\box37
\c@video=\count93
\fbox@4=\box38
\@bibdataout=\write3
\widetext@top=\box39
\widetext@bot=\box40

Class revtex4-1 Warning: No Society specified, using default society aps.

(/usr/share/texlive/texmf-dist/tex/latex/revtex/aps4-1.rtx
File: aps4-1 2010/07/25/20:33:00 4.1r (http://publish.aps.org/revtex4/ for docu
mentation)
Class revtex4-1 Info: RevTeX society APS selected on input line 31.
)

Class revtex4-1 Warning: No journal specified, using default pra.

Class revtex4-1 Info: APS journal PRA selected on input line 7545.
(/usr/share/texlive/texmf-dist/tex/latex/revtex/aps10pt4-1.rtx
File: aps10pt4-1 2010/07/25/20:33:00 4.1r (http://publish.aps.org/revtex4/ for 
documentation)
Class revtex4-1 Info: RevTeX pointsize 10pt selected on input line 30.
)
(/usr/share/texlive/texmf-dist/tex/latex/textcase/textcase.sty
Package: textcase 2004/10/07 v0.07 Text only upper/lower case changing (DPC)
)
(/usr/share/texlive/texmf-dist/tex/latex/url/url.sty
\Urlmuskip=\muskip10
Package: url 2013/09/16  ver 3.4  Verb mode for urls, etc.
)
(/usr/share/texlive/texmf-dist/tex/latex/natbib/natbib.sty
Package: natbib 2010/09/13 8.31b (PWD, AO)
\bibhang=\skip44
\bibsep=\skip45
LaTeX Info: Redefining \cite on input line 694.
\c@NAT@ctr=\count94
)
Class revtex4-1 Info: Repairing natbib's \BibitemShut on input line 7549.

(/usr/share/texlive/texmf-dist/tex/latex/revtex/revsymb4-1.sty
Package: revsymb4-1 2010/07/25/20:33:00 4.1r (http://publish.aps.org/revtex4/ f
or documentation)
LaTeX Info: Redefining \REV@mathfrak on input line 119.
))
(/usr/share/texlive/texmf-dist/tex/latex/base/inputenc.sty
Package: inputenc 2015/03/17 v1.2c Input encoding file
\inpenc@prehook=\toks16
\inpenc@posthook=\toks17

(/usr/share/texlive/texmf-dist/tex/latex/base/utf8.def
File: utf8.def 2017/01/28 v1.1t UTF-8 support for inputenc
Now handling font encoding OML ...
... no UTF-8 mapping file for font encoding OML
Now handling font encoding T1 ...
... processing UTF-8 mapping file for font encoding T1

(/usr/share/texlive/texmf-dist/tex/latex/base/t1enc.dfu
File: t1enc.dfu 2017/01/28 v1.1t UTF-8 support for inputenc
   defining Unicode char U+00A0 (decimal 160)
   defining Unicode char U+00A1 (decimal 161)
   defining Unicode char U+00A3 (decimal 163)
   defining Unicode char U+00AB (decimal 171)
   defining Unicode char U+00AD (decimal 173)
   defining Unicode char U+00BB (decimal 187)
   defining Unicode char U+00BF (decimal 191)
   defining Unicode char U+00C0 (decimal 192)
   defining Unicode char U+00C1 (decimal 193)
   defining Unicode char U+00C2 (decimal 194)
   defining Unicode char U+00C3 (decimal 195)
   defining Unicode char U+00C4 (decimal 196)
   defining Unicode char U+00C5 (decimal 197)
   defining Unicode char U+00C6 (decimal 198)
   defining Unicode char U+00C7 (decimal 199)
   defining Unicode char U+00C8 (decimal 200)
   defining Unicode char U+00C9 (decimal 201)
   defining Unicode char U+00CA (decimal 202)
   defining Unicode char U+00CB (decimal 203)
   defining Unicode char U+00CC (decimal 204)
   defining Unicode char U+00CD (decimal 205)
   defining Unicode char U+00CE (decimal 206)
   defining Unicode char U+00CF (decimal 207)
   defining Unicode char U+00D0 (decimal 208)
   defining Unicode char U+00D1 (decimal 209)
   defining Unicode char U+00D2 (decimal 210)
   defining Unicode char U+00D3 (decimal 211)
   defining Unicode char U+00D4 (decimal 212)
   defining Unicode char U+00D5 (decimal 213)
   defining Unicode char U+00D6 (decimal 214)
   defining Unicode char U+00D8 (decimal 216)
   defining Unicode char U+00D9 (decimal 217)
   defining Unicode char U+00DA (decimal 218)
   defining Unicode char U+00DB (decimal 219)
   defining Unicode char U+00DC (decimal 220)
   defining Unicode char U+00DD (decimal 221)
   defining Unicode char U+00DE (decimal 222)
   defining Unicode char U+00DF (decimal 223)
   defining Unicode char U+00E0 (decimal 224)
   defining Unicode char U+00E1 (decimal 225)
   defining Unicode char U+00E2 (decimal 226)
   defining Unicode char U+00E3 (decimal 227)
   defining Unicode char U+00E4 (decimal 228)
   defining Unicode char U+00E5 (decimal 229)
   defining Unicode char U+00E6 (decimal 230)
   defining Unicode char U+00E7 (decimal 231)
   defining Unicode char U+00E8 (decimal 232)
   defining Unicode char U+00E9 (decimal 233)
   defining Unicode char U+00EA (decimal 234)
   defining Unicode char U+00EB (decimal 235)
   defining Unicode char U+00EC (decimal 236)
   defining Unicode char U+00ED (decimal 237)
   defining Unicode char U+00EE (decimal 238)
   defining Unicode char U+00EF (decimal 239)
   defining Unicode char U+00F0 (decimal 240)
   defining Unicode char U+00F1 (decimal 241)
   defining Unicode char U+00F2 (decimal 242)
   defining Unicode char U+00F3 (decimal 243)
   defining Unicode char U+00F4 (decimal 244)
   defining Unicode char U+00F5 (decimal 245)
   defining Unicode char U+00F6 (decimal 246)
   defining Unicode char U+00F8 (decimal 248)
   defining Unicode char U+00F9 (decimal 249)
   defining Unicode char U+00FA (decimal 250)
   defining Unicode char U+00FB (decimal 251)
   defining Unicode char U+00FC (decimal 252)
   defining Unicode char U+00FD (decimal 253)
   defining Unicode char U+00FE (decimal 254)
   defining Unicode char U+00FF (decimal 255)
   defining Unicode char U+0100 (decimal 256)
   defining Unicode char U+0101 (decimal 257)
   defining Unicode char U+0102 (decimal 258)
   defining Unicode char U+0103 (decimal 259)
   defining Unicode char U+0104 (decimal 260)
   defining Unicode char U+0105 (decimal 261)
   defining Unicode char U+0106 (decimal 262)
   defining Unicode char U+0107 (decimal 263)
   defining Unicode char U+0108 (decimal 264)
   defining Unicode char U+0109 (decimal 265)
   defining Unicode char U+010A (decimal 266)
   defining Unicode char U+010B (decimal 267)
   defining Unicode char U+010C (decimal 268)
   defining Unicode char U+010D (decimal 269)
   defining Unicode char U+010E (decimal 270)
   defining Unicode char U+010F (decimal 271)
   defining Unicode char U+0110 (decimal 272)
   defining Unicode char U+0111 (decimal 273)
   defining Unicode char U+0112 (decimal 274)
   defining Unicode char U+0113 (decimal 275)
   defining Unicode char U+0114 (decimal 276)
   defining Unicode char U+0115 (decimal 277)
   defining Unicode char U+0116 (decimal 278)
   defining Unicode char U+0117 (decimal 279)
   defining Unicode char U+0118 (decimal 280)
   defining Unicode char U+0119 (decimal 281)
   defining Unicode char U+011A (decimal 282)
   defining Unicode char U+011B (decimal 283)
   defining Unicode char U+011C (decimal 284)
   defining Unicode char U+011D (decimal 285)
   defining Unicode char U+011E (decimal 286)
   defining Unicode char U+011F (decimal 287)
   defining Unicode char U+0120 (decimal 288)
   defining Unicode char U+0121 (decimal 289)
   defining Unicode char U+0122 (decimal 290)
   defining Unicode char U+0123 (decimal 291)
   defining Unicode char U+0124 (decimal 292)
   defining Unicode char U+0125 (decimal 293)
   defining Unicode char U+0128 (decimal 296)
   defining Unicode char U+0129 (decimal 297)
   defining Unicode char U+012A (decimal 298)
   defining Unicode char U+012B (decimal 299)
   defining Unicode char U+012C (decimal 300)
   defining Unicode char U+012D (decimal 301)
   defining Unicode char U+012E (decimal 302)
   defining Unicode char U+012F (decimal 303)
   defining Unicode char U+0130 (decimal 304)
   defining Unicode char U+0131 (decimal 305)
   defining Unicode char U+0132 (decimal 306)
   defining Unicode char U+0133 (decimal 307)
   defining Unicode char U+0134 (decimal 308)
   defining Unicode char U+0135 (decimal 309)
   defining Unicode char U+0136 (decimal 310)
   defining Unicode char U+0137 (decimal 311)
   defining Unicode char U+0139 (decimal 313)
   defining Unicode char U+013A (decimal 314)
   defining Unicode char U+013B (decimal 315)
   defining Unicode char U+013C (decimal 316)
   defining Unicode char U+013D (decimal 317)
   defining Unicode char U+013E (decimal 318)
   defining Unicode char U+0141 (decimal 321)
   defining Unicode char U+0142 (decimal 322)
   defining Unicode char U+0143 (decimal 323)
   defining Unicode char U+0144 (decimal 324)
   defining Unicode char U+0145 (decimal 325)
   defining Unicode char U+0146 (decimal 326)
   defining Unicode char U+0147 (decimal 327)
   defining Unicode char U+0148 (decimal 328)
   defining Unicode char U+014A (decimal 330)
   defining Unicode char U+014B (decimal 331)
   defining Unicode char U+014C (decimal 332)
   defining Unicode char U+014D (decimal 333)
   defining Unicode char U+014E (decimal 334)
   defining Unicode char U+014F (decimal 335)
   defining Unicode char U+0150 (decimal 336)
   defining Unicode char U+0151 (decimal 337)
   defining Unicode char U+0152 (decimal 338)
   defining Unicode char U+0153 (decimal 339)
   defining Unicode char U+0154 (decimal 340)
   defining Unicode char U+0155 (decimal 341)
   defining Unicode char U+0156 (decimal 342)
   defining Unicode char U+0157 (decimal 343)
   defining Unicode char U+0158 (decimal 344)
   defining Unicode char U+0159 (decimal 345)
   defining Unicode char U+015A (decimal 346)
   defining Unicode char U+015B (decimal 347)
   defining Unicode char U+015C (decimal 348)
   defining Unicode char U+015D (decimal 349)
   defining Unicode char U+015E (decimal 350)
   defining Unicode char U+015F (decimal 351)
   defining Unicode char U+0160 (decimal 352)
   defining Unicode char U+0161 (decimal 353)
   defining Unicode char U+0162 (decimal 354)
   defining Unicode char U+0163 (decimal 355)
   defining Unicode char U+0164 (decimal 356)
   defining Unicode char U+0165 (decimal 357)
   defining Unicode char U+0168 (decimal 360)
   defining Unicode char U+0169 (decimal 361)
   defining Unicode char U+016A (decimal 362)
   defining Unicode char U+016B (decimal 363)
   defining Unicode char U+016C (decimal 364)
   defining Unicode char U+016D (decimal 365)
   defining Unicode char U+016E (decimal 366)
   defining Unicode char U+016F (decimal 367)
   defining Unicode char U+0170 (decimal 368)
   defining Unicode char U+0171 (decimal 369)
   defining Unicode char U+0172 (decimal 370)
   defining Unicode char U+0173 (decimal 371)
   defining Unicode char U+0174 (decimal 372)
   defining Unicode char U+0175 (decimal 373)
   defining Unicode char U+0176 (decimal 374)
   defining Unicode char U+0177 (decimal 375)
   defining Unicode char U+0178 (decimal 376)
   defining Unicode char U+0179 (decimal 377)
   defining Unicode char U+017A (decimal 378)
   defining Unicode char U+017B (decimal 379)
   defining Unicode char U+017C (decimal 380)
   defining Unicode char U+017D (decimal 381)
   defining Unicode char U+017E (decimal 382)
   defining Unicode char U+01CD (decimal 461)
   defining Unicode char U+01CE (decimal 462)
   defining Unicode char U+01CF (decimal 463)
   defining Unicode char U+01D0 (decimal 464)
   defining Unicode char U+01D1 (decimal 465)
   defining Unicode char U+01D2 (decimal 466)
   defining Unicode char U+01D3 (decimal 467)
   defining Unicode char U+01D4 (decimal 468)
   defining Unicode char U+01E2 (decimal 482)
   defining Unicode char U+01E3 (decimal 483)
   defining Unicode char U+01E6 (decimal 486)
   defining Unicode char U+01E7 (decimal 487)
   defining Unicode char U+01E8 (decimal 488)
   defining Unicode char U+01E9 (decimal 489)
   defining Unicode char U+01EA (decimal 490)
   defining Unicode char U+01EB (decimal 491)
   defining Unicode char U+01F0 (decimal 496)
   defining Unicode char U+01F4 (decimal 500)
   defining Unicode char U+01F5 (decimal 501)
   defining Unicode char U+0218 (decimal 536)
   defining Unicode char U+0219 (decimal 537)
   defining Unicode char U+021A (decimal 538)
   defining Unicode char U+021B (decimal 539)
   defining Unicode char U+0232 (decimal 562)
   defining Unicode char U+0233 (decimal 563)
   defining Unicode char U+1E02 (decimal 7682)
   defining Unicode char U+1E03 (decimal 7683)
   defining Unicode char U+200C (decimal 8204)
   defining Unicode char U+2010 (decimal 8208)
   defining Unicode char U+2011 (decimal 8209)
   defining Unicode char U+2012 (decimal 8210)
   defining Unicode char U+2013 (decimal 8211)
   defining Unicode char U+2014 (decimal 8212)
   defining Unicode char U+2015 (decimal 8213)
   defining Unicode char U+2018 (decimal 8216)
   defining Unicode char U+2019 (decimal 8217)
   defining Unicode char U+201A (decimal 8218)
   defining Unicode char U+201C (decimal 8220)
   defining Unicode char U+201D (decimal 8221)
   defining Unicode char U+201E (decimal 8222)
   defining Unicode char U+2030 (decimal 8240)
   defining Unicode char U+2031 (decimal 8241)
   defining Unicode char U+2039 (decimal 8249)
   defining Unicode char U+203A (decimal 8250)
   defining Unicode char U+2423 (decimal 9251)
   defining Unicode char U+1E20 (decimal 7712)
   defining Unicode char U+1E21 (decimal 7713)
)
Now handling font encoding OT1 ...
... processing UTF-8 mapping file for font encoding OT1

(/usr/share/texlive/texmf-dist/tex/latex/base/ot1enc.dfu
File: ot1enc.dfu 2017/01/28 v1.1t UTF-8 support for inputenc
   defining Unicode char U+00A0 (decimal 160)
   defining Unicode char U+00A1 (decimal 161)
   defining Unicode char U+00A3 (decimal 163)
   defining Unicode char U+00AD (decimal 173)
   defining Unicode char U+00B8 (decimal 184)
   defining Unicode char U+00BF (decimal 191)
   defining Unicode char U+00C5 (decimal 197)
   defining Unicode char U+00C6 (decimal 198)
   defining Unicode char U+00D8 (decimal 216)
   defining Unicode char U+00DF (decimal 223)
   defining Unicode char U+00E6 (decimal 230)
   defining Unicode char U+00EC (decimal 236)
   defining Unicode char U+00ED (decimal 237)
   defining Unicode char U+00EE (decimal 238)
   defining Unicode char U+00EF (decimal 239)
   defining Unicode char U+00F8 (decimal 248)
   defining Unicode char U+0131 (decimal 305)
   defining Unicode char U+0141 (decimal 321)
   defining Unicode char U+0142 (decimal 322)
   defining Unicode char U+0152 (decimal 338)
   defining Unicode char U+0153 (decimal 339)
   defining Unicode char U+0174 (decimal 372)
   defining Unicode char U+0175 (decimal 373)
   defining Unicode char U+0176 (decimal 374)
   defining Unicode char U+0177 (decimal 375)
   defining Unicode char U+0218 (decimal 536)
   defining Unicode char U+0219 (decimal 537)
   defining Unicode char U+021A (decimal 538)
   defining Unicode char U+021B (decimal 539)
   defining Unicode char U+2013 (decimal 8211)
   defining Unicode char U+2014 (decimal 8212)
   defining Unicode char U+2018 (decimal 8216)
   defining Unicode char U+2019 (decimal 8217)
   defining Unicode char U+201C (decimal 8220)
   defining Unicode char U+201D (decimal 8221)
)
Now handling font encoding OMS ...
... processing UTF-8 mapping file for font encoding OMS

(/usr/share/texlive/texmf-dist/tex/latex/base/omsenc.dfu
File: omsenc.dfu 2017/01/28 v1.1t UTF-8 support for inputenc
   defining Unicode char U+00A7 (decimal 167)
   defining Unicode char U+00B6 (decimal 182)
   defining Unicode char U+00B7 (decimal 183)
   defining Unicode char U+2020 (decimal 8224)
   defining Unicode char U+2021 (decimal 8225)
   defining Unicode char U+2022 (decimal 8226)
)
Now handling font encoding OMX ...
... no UTF-8 mapping file for font encoding OMX
Now handling font encoding U ...
... no UTF-8 mapping file for font encoding U
   defining Unicode char U+00A9 (decimal 169)
   defining Unicode char U+00AA (decimal 170)
   defining Unicode char U+00AE (decimal 174)
   defining Unicode char U+00BA (decimal 186)
   defining Unicode char U+02C6 (decimal 710)
   defining Unicode char U+02DC (decimal 732)
   defining Unicode char U+200C (decimal 8204)
   defining Unicode char U+2026 (decimal 8230)
   defining Unicode char U+2122 (decimal 8482)
   defining Unicode char U+2423 (decimal 9251)
))
(/usr/share/texlive/texmf-dist/tex/latex/base/fontenc.sty
Package: fontenc 2017/04/05 v2.0i Standard LaTeX package

(/usr/share/texlive/texmf-dist/tex/latex/base/t1enc.def
File: t1enc.def 2017/04/05 v2.0i Standard LaTeX file
LaTeX Font Info:    Redeclaring font encoding T1 on input line 48.
))
(/usr/share/texlive/texmf-dist/tex/latex/graphics/graphicx.sty
Package: graphicx 2017/06/01 v1.1a Enhanced LaTeX Graphics (DPC,SPQR)

(/usr/share/texlive/texmf-dist/tex/latex/graphics/keyval.sty
Package: keyval 2014/10/28 v1.15 key=value parser (DPC)
\KV@toks@=\toks18
)
(/usr/share/texlive/texmf-dist/tex/latex/graphics/graphics.sty
Package: graphics 2017/06/25 v1.2c Standard LaTeX Graphics (DPC,SPQR)

(/usr/share/texlive/texmf-dist/tex/latex/graphics/trig.sty
Package: trig 2016/01/03 v1.10 sin cos tan (DPC)
)
(/usr/share/texlive/texmf-dist/tex/latex/graphics-cfg/graphics.cfg
File: graphics.cfg 2016/06/04 v1.11 sample graphics configuration
)
Package graphics Info: Driver file: pdftex.def on input line 99.

(/usr/share/texlive/texmf-dist/tex/latex/graphics-def/pdftex.def
File: pdftex.def 2018/01/08 v1.0l Graphics/color driver for pdftex
))
\Gin@req@height=\dimen102
\Gin@req@width=\dimen103
)
(/usr/share/texlive/texmf-dist/tex/latex/units/nicefrac.sty
Package: nicefrac 1998/08/04 v0.9b Nice fractions
\L@UnitsRaiseDisplaystyle=\skip46
\L@UnitsRaiseTextstyle=\skip47
\L@UnitsRaiseScriptstyle=\skip48

(/usr/share/texlive/texmf-dist/tex/latex/base/ifthen.sty
Package: ifthen 2014/09/29 v1.1c Standard LaTeX ifthen package (DPC)
))
(/usr/share/texlive/texmf-dist/tex/latex/amsfonts/amsfonts.sty
Package: amsfonts 2013/01/14 v3.01 Basic AMSFonts support
\@emptytoks=\toks19
\symAMSa=\mathgroup4
\symAMSb=\mathgroup5
LaTeX Font Info:    Overwriting math alphabet `\mathfrak' in version `bold'
(Font)                  U/euf/m/n --> U/euf/b/n on input line 106.
LaTeX Info: Redefining \frak on input line 111.
LaTeX Info: Redefining \Bbb on input line 113.
)
(/usr/share/texlive/texmf-dist/tex/latex/amsfonts/amssymb.sty
Package: amssymb 2013/01/14 v3.01 AMS font symbols
)
(/usr/share/texlive/texmf-dist/tex/latex/amsmath/amsmath.sty
Package: amsmath 2017/09/02 v2.17a AMS math features
\@mathmargin=\skip49

For additional information on amsmath, use the `?' option.
(/usr/share/texlive/texmf-dist/tex/latex/amsmath/amstext.sty
Package: amstext 2000/06/29 v2.01 AMS text

(/usr/share/texlive/texmf-dist/tex/latex/amsmath/amsgen.sty
File: amsgen.sty 1999/11/30 v2.0 generic functions
\@emptytoks=\toks20
\ex@=\dimen104
)
LaTeX Info: Redefining \text on input line 28.
)
(/usr/share/texlive/texmf-dist/tex/latex/amsmath/amsbsy.sty
Package: amsbsy 1999/11/29 v1.2d Bold Symbols
\pmbraise@=\dimen105
)
(/usr/share/texlive/texmf-dist/tex/latex/amsmath/amsopn.sty
Package: amsopn 2016/03/08 v2.02 operator names
)
\inf@bad=\count95
LaTeX Info: Redefining \frac on input line 213.
\uproot@=\count96
\leftroot@=\count97
LaTeX Info: Redefining \overline on input line 375.
\classnum@=\count98
\DOTSCASE@=\count99
LaTeX Info: Redefining \ldots on input line 472.
LaTeX Info: Redefining \dots on input line 475.
LaTeX Info: Redefining \cdots on input line 596.
\Mathstrutbox@=\box41
\strutbox@=\box42
\big@size=\dimen106
LaTeX Font Info:    Redeclaring font encoding OML on input line 712.
LaTeX Font Info:    Redeclaring font encoding OMS on input line 713.
\macc@depth=\count100
\c@MaxMatrixCols=\count101
\dotsspace@=\muskip11
\c@parentequation=\count102
\dspbrk@lvl=\count103
\tag@help=\toks21
\row@=\count104
\column@=\count105
\maxfields@=\count106
\andhelp@=\toks22
\eqnshift@=\dimen107
\alignsep@=\dimen108
\tagshift@=\dimen109
\tagwidth@=\dimen110
\totwidth@=\dimen111
\lineht@=\dimen112
\@envbody=\toks23
\multlinegap=\skip50
\multlinetaggap=\skip51
\mathdisplay@stack=\toks24
LaTeX Info: Redefining \[ on input line 2817.
LaTeX Info: Redefining \] on input line 2818.
)
(/usr/share/texlive/texmf-dist/tex/latex/subfigure/subfigure.sty
Package: subfigure 2002/03/15 v2.1.5 subfigure package
\subfigtopskip=\skip52
\subfigcapskip=\skip53
\subfigcaptopadj=\dimen113
\subfigbottomskip=\skip54
\subfigcapmargin=\dimen114
\subfiglabelskip=\skip55
\c@subfigure=\count107
\c@lofdepth=\count108
\c@subtable=\count109
\c@lotdepth=\count110

****************************************
* Local config file subfigure.cfg used *
****************************************
(/usr/share/texlive/texmf-dist/tex/latex/subfigure/subfigure.cfg)
\subfig@top=\skip56
\subfig@bottom=\skip57
)
(/usr/share/texlive/texmf-dist/tex/latex/multirow/multirow.sty
Package: multirow 2016/11/25 v2.2 Span multiple rows of a table
\multirow@colwidth=\skip58
\multirow@cntb=\count111
\multirow@dima=\skip59
\bigstrutjot=\dimen115
)
(/usr/share/texlive/texmf-dist/tex/latex/tools/tabularx.sty
Package: tabularx 2016/02/03 v2.11 `tabularx' package (DPC)

(/usr/share/texlive/texmf-dist/tex/latex/tools/array.sty
Package: array 2016/10/06 v2.4d Tabular extension package (FMi)
\col@sep=\dimen116
\extrarowheight=\dimen117
\NC@list=\toks25
\extratabsurround=\skip60
\backup@length=\skip61
)
\TX@col@width=\dimen118
\TX@old@table=\dimen119
\TX@old@col=\dimen120
\TX@target=\dimen121
\TX@delta=\dimen122
\TX@cols=\count112
\TX@ftn=\toks26
)
(/usr/share/texlive/texmf-dist/tex/latex/units/units.sty
Package: units 1998/08/04 v0.9b Typesetting units
)
(/usr/share/texlive/texmf-dist/tex/latex/tensor/tensor.sty
Package: tensor 2004/12/20 v2.1 tensor indices package (PGR)
LaTeX Info: Redefining \tensor on input line 24.
\tnsr@Sps=\toks27
\tnsr@Sbs=\toks28
\tnsr@Spe=\toks29
\tnsr@Sbe=\toks30
\ncld@Mno=\toks31
)
(/usr/share/texlive/texmf-dist/tex/latex/braket/braket.sty)
(/usr/share/texlive/texmf-dist/tex/latex/tools/bm.sty
Package: bm 2017/01/16 v1.2c Bold Symbol Support (DPC/FMi)
\symboldoperators=\mathgroup6
\symboldletters=\mathgroup7
\symboldsymbols=\mathgroup8
LaTeX Font Info:    Redeclaring math alphabet \mathbf on input line 141.
LaTeX Info: Redefining \bm on input line 207.
)
(/usr/share/texlive/texmf-dist/tex/latex/hyperref/hyperref.sty
Package: hyperref 2018/02/06 v6.86b Hypertext links for LaTeX

(/usr/share/texlive/texmf-dist/tex/generic/oberdiek/hobsub-hyperref.sty
Package: hobsub-hyperref 2016/05/16 v1.14 Bundle oberdiek, subset hyperref (HO)


(/usr/share/texlive/texmf-dist/tex/generic/oberdiek/hobsub-generic.sty
Package: hobsub-generic 2016/05/16 v1.14 Bundle oberdiek, subset generic (HO)
Package: hobsub 2016/05/16 v1.14 Construct package bundles (HO)
Package: infwarerr 2016/05/16 v1.4 Providing info/warning/error messages (HO)
Package: ltxcmds 2016/05/16 v1.23 LaTeX kernel commands for general use (HO)
Package: ifluatex 2016/05/16 v1.4 Provides the ifluatex switch (HO)
Package ifluatex Info: LuaTeX not detected.
Package: ifvtex 2016/05/16 v1.6 Detect VTeX and its facilities (HO)
Package ifvtex Info: VTeX not detected.
Package: intcalc 2016/05/16 v1.2 Expandable calculations with integers (HO)
Package: ifpdf 2017/03/15 v3.2 Provides the ifpdf switch
Package: etexcmds 2016/05/16 v1.6 Avoid name clashes with e-TeX commands (HO)
Package etexcmds Info: Could not find \expanded.
(etexcmds)             That can mean that you are not using pdfTeX 1.50 or
(etexcmds)             that some package has redefined \expanded.
(etexcmds)             In the latter case, load this package earlier.
Package: kvsetkeys 2016/05/16 v1.17 Key value parser (HO)
Package: kvdefinekeys 2016/05/16 v1.4 Define keys (HO)
Package: pdftexcmds 2018/01/21 v0.26 Utility functions of pdfTeX for LuaTeX (HO
)
Package pdftexcmds Info: LuaTeX not detected.
Package pdftexcmds Info: \pdf@primitive is available.
Package pdftexcmds Info: \pdf@ifprimitive is available.
Package pdftexcmds Info: \pdfdraftmode found.
Package: pdfescape 2016/05/16 v1.14 Implements pdfTeX's escape features (HO)
Package: bigintcalc 2016/05/16 v1.4 Expandable calculations on big integers (HO
)
Package: bitset 2016/05/16 v1.2 Handle bit-vector datatype (HO)
Package: uniquecounter 2016/05/16 v1.3 Provide unlimited unique counter (HO)
)
Package hobsub Info: Skipping package `hobsub' (already loaded).
Package: letltxmacro 2016/05/16 v1.5 Let assignment for LaTeX macros (HO)
Package: hopatch 2016/05/16 v1.3 Wrapper for package hooks (HO)
Package: xcolor-patch 2016/05/16 xcolor patch
Package: atveryend 2016/05/16 v1.9 Hooks at the very end of document (HO)
Package: atbegshi 2016/06/09 v1.18 At begin shipout hook (HO)
Package: refcount 2016/05/16 v3.5 Data extraction from label references (HO)
Package: hycolor 2016/05/16 v1.8 Color options for hyperref/bookmark (HO)
)
(/usr/share/texlive/texmf-dist/tex/generic/ifxetex/ifxetex.sty
Package: ifxetex 2010/09/12 v0.6 Provides ifxetex conditional
)
(/usr/share/texlive/texmf-dist/tex/latex/oberdiek/auxhook.sty
Package: auxhook 2016/05/16 v1.4 Hooks for auxiliary files (HO)
)
(/usr/share/texlive/texmf-dist/tex/latex/oberdiek/kvoptions.sty
Package: kvoptions 2016/05/16 v3.12 Key value format for package options (HO)
)
\@linkdim=\dimen123
\Hy@linkcounter=\count113
\Hy@pagecounter=\count114

(/usr/share/texlive/texmf-dist/tex/latex/hyperref/pd1enc.def
File: pd1enc.def 2018/02/06 v6.86b Hyperref: PDFDocEncoding definition (HO)
Now handling font encoding PD1 ...
... no UTF-8 mapping file for font encoding PD1
)
\Hy@SavedSpaceFactor=\count115

(/usr/share/texlive/texmf-dist/tex/latex/latexconfig/hyperref.cfg
File: hyperref.cfg 2002/06/06 v1.2 hyperref configuration of TeXLive
)
Package hyperref Info: Hyper figures OFF on input line 4509.
Package hyperref Info: Link nesting OFF on input line 4514.
Package hyperref Info: Hyper index ON on input line 4517.
Package hyperref Info: Plain pages OFF on input line 4524.
Package hyperref Info: Backreferencing OFF on input line 4529.
Package hyperref Info: Implicit mode ON; LaTeX internals redefined.
Package hyperref Info: Bookmarks ON on input line 4762.
LaTeX Info: Redefining \href on input line 5026.
\c@Hy@tempcnt=\count116
LaTeX Info: Redefining \url on input line 5115.
\XeTeXLinkMargin=\dimen124
\Fld@menulength=\count117
\Field@Width=\dimen125
\Fld@charsize=\dimen126
Package hyperref Info: Hyper figures OFF on input line 6369.
Package hyperref Info: Link nesting OFF on input line 6374.
Package hyperref Info: Hyper index ON on input line 6377.
Package hyperref Info: backreferencing OFF on input line 6384.
Package hyperref Info: Link coloring OFF on input line 6389.
Package hyperref Info: Link coloring with OCG OFF on input line 6394.
Package hyperref Info: PDF/A mode OFF on input line 6399.
LaTeX Info: Redefining \ref on input line 6439.
LaTeX Info: Redefining \pageref on input line 6443.
\Hy@abspage=\count118
\c@Item=\count119
\c@Hfootnote=\count120
)
Package hyperref Info: Driver (autodetected): hpdftex.

(/usr/share/texlive/texmf-dist/tex/latex/hyperref/hpdftex.def
File: hpdftex.def 2018/02/06 v6.86b Hyperref driver for pdfTeX
\Fld@listcount=\count121
\c@bookmark@seq@number=\count122

(/usr/share/texlive/texmf-dist/tex/latex/oberdiek/rerunfilecheck.sty
Package: rerunfilecheck 2016/05/16 v1.8 Rerun checks for auxiliary files (HO)
Package uniquecounter Info: New unique counter `rerunfilecheck' on input line 2
82.
)
\Hy@SectionHShift=\skip62
)
(/usr/share/texlive/texmf-dist/tex/latex/multibib/multibib.sty
Package: multibib 2008/12/10 v1.4 Multiple bibliographies for one document.
\mb@biblabelwidth=\count123
)
(/usr/share/texlive/texmf-dist/tex/latex/xcolor/xcolor.sty
Package: xcolor 2016/05/11 v2.12 LaTeX color extensions (UK)

(/usr/share/texlive/texmf-dist/tex/latex/graphics-cfg/color.cfg
File: color.cfg 2016/01/02 v1.6 sample color configuration
)
Package xcolor Info: Driver file: pdftex.def on input line 225.
Package xcolor Info: Model `cmy' substituted by `cmy0' on input line 1348.
Package xcolor Info: Model `hsb' substituted by `rgb' on input line 1352.
Package xcolor Info: Model `RGB' extended on input line 1364.
Package xcolor Info: Model `HTML' substituted by `rgb' on input line 1366.
Package xcolor Info: Model `Hsb' substituted by `hsb' on input line 1367.
Package xcolor Info: Model `tHsb' substituted by `hsb' on input line 1368.
Package xcolor Info: Model `HSB' substituted by `hsb' on input line 1369.
Package xcolor Info: Model `Gray' substituted by `gray' on input line 1370.
Package xcolor Info: Model `wave' substituted by `hsb' on input line 1371.
)
(/usr/share/texlive/texmf-dist/tex/latex/bbm-macros/bbm.sty
Package: bbm 1999/03/15 V 1.2 provides fonts for set symbols - TH
LaTeX Font Info:    Overwriting math alphabet `\mathbbm' in version `bold'
(Font)                  U/bbm/m/n --> U/bbm/bx/n on input line 33.
LaTeX Font Info:    Overwriting math alphabet `\mathbbmss' in version `bold'
(Font)                  U/bbmss/m/n --> U/bbmss/bx/n on input line 35.
)
(/usr/share/texlive/texmf-dist/tex/latex/l3packages/xfp/xfp.sty
(/usr/share/texlive/texmf-dist/tex/latex/l3kernel/expl3.sty
Package: expl3 2018/02/21 L3 programming layer (loader) 

(/usr/share/texlive/texmf-dist/tex/latex/l3kernel/expl3-code.tex
Package: expl3 2018/02/21 L3 programming layer (code)
\c_max_int=\count124
\l_tmpa_int=\count125
\l_tmpb_int=\count126
\g_tmpa_int=\count127
\g_tmpb_int=\count128
\g__intarray_font_int=\count129
\g__prg_map_int=\count130
\c_log_iow=\count131
\l_iow_line_count_int=\count132
\l__iow_line_target_int=\count133
\l__iow_one_indent_int=\count134
\l__iow_indent_int=\count135
\c_zero_dim=\dimen127
\c_max_dim=\dimen128
\l_tmpa_dim=\dimen129
\l_tmpb_dim=\dimen130
\g_tmpa_dim=\dimen131
\g_tmpb_dim=\dimen132
\c_zero_skip=\skip63
\c_max_skip=\skip64
\l_tmpa_skip=\skip65
\l_tmpb_skip=\skip66
\g_tmpa_skip=\skip67
\g_tmpb_skip=\skip68
\c_zero_muskip=\muskip12
\c_max_muskip=\muskip13
\l_tmpa_muskip=\muskip14
\l_tmpb_muskip=\muskip15
\g_tmpa_muskip=\muskip16
\g_tmpb_muskip=\muskip17
\l_keys_choice_int=\count136
\c__fp_leading_shift_int=\count137
\c__fp_middle_shift_int=\count138
\c__fp_trailing_shift_int=\count139
\c__fp_big_leading_shift_int=\count140
\c__fp_big_middle_shift_int=\count141
\c__fp_big_trailing_shift_int=\count142
\c__fp_Bigg_leading_shift_int=\count143
\c__fp_Bigg_middle_shift_int=\count144
\c__fp_Bigg_trailing_shift_int=\count145
\c__fp_rand_size_int=\count146
\c__fp_rand_four_int=\count147
\c__fp_rand_eight_int=\count148
\l__sort_length_int=\count149
\l__sort_min_int=\count150
\l__sort_top_int=\count151
\l__sort_max_int=\count152
\l__sort_true_max_int=\count153
\l__sort_block_int=\count154
\l__sort_begin_int=\count155
\l__sort_end_int=\count156
\l__sort_A_int=\count157
\l__sort_B_int=\count158
\l__sort_C_int=\count159
\l__tl_build_start_index_int=\count160
\l__tl_build_index_int=\count161
\l__tl_analysis_normal_int=\count162
\l__tl_analysis_index_int=\count163
\l__tl_analysis_nesting_int=\count164
\l__tl_analysis_type_int=\count165
\l__regex_internal_a_int=\count166
\l__regex_internal_b_int=\count167
\l__regex_internal_c_int=\count168
\l__regex_balance_int=\count169
\l__regex_group_level_int=\count170
\l__regex_mode_int=\count171
\c__regex_cs_in_class_mode_int=\count172
\c__regex_cs_mode_int=\count173
\l__regex_catcodes_int=\count174
\l__regex_default_catcodes_int=\count175
\c__regex_catcode_D_int=\count176
\c__regex_catcode_S_int=\count177
\c__regex_catcode_L_int=\count178
\c__regex_catcode_O_int=\count179
\c__regex_catcode_A_int=\count180
\c__regex_all_catcodes_int=\count181
\l__regex_show_lines_int=\count182
\l__regex_min_state_int=\count183
\l__regex_max_state_int=\count184
\l__regex_left_state_int=\count185
\l__regex_right_state_int=\count186
\l__regex_capturing_group_int=\count187
\l__regex_min_pos_int=\count188
\l__regex_max_pos_int=\count189
\l__regex_curr_pos_int=\count190
\l__regex_start_pos_int=\count191
\l__regex_success_pos_int=\count192
\l__regex_curr_char_int=\count193
\l__regex_curr_catcode_int=\count194
\l__regex_last_char_int=\count195
\l__regex_case_changed_char_int=\count196
\l__regex_curr_state_int=\count197
\l__regex_step_int=\count198
\l__regex_min_active_int=\count199
\l__regex_max_active_int=\count266
\l__regex_replacement_csnames_int=\count267
\l__regex_match_count_int=\count268
\l__regex_min_submatch_int=\count269
\l__regex_submatch_int=\count270
\l__regex_zeroth_submatch_int=\count271
\g__regex_trace_regex_int=\count272
\c_empty_box=\box43
\l_tmpa_box=\box44
\l_tmpb_box=\box45
\g_tmpa_box=\box46
\g_tmpb_box=\box47
\l__box_top_dim=\dimen133
\l__box_bottom_dim=\dimen134
\l__box_left_dim=\dimen135
\l__box_right_dim=\dimen136
\l__box_top_new_dim=\dimen137
\l__box_bottom_new_dim=\dimen138
\l__box_left_new_dim=\dimen139
\l__box_right_new_dim=\dimen140
\l__box_internal_box=\box48
\l__coffin_internal_box=\box49
\l__coffin_internal_dim=\dimen141
\l__coffin_offset_x_dim=\dimen142
\l__coffin_offset_y_dim=\dimen143
\l__coffin_x_dim=\dimen144
\l__coffin_y_dim=\dimen145
\l__coffin_x_prime_dim=\dimen146
\l__coffin_y_prime_dim=\dimen147
\c_empty_coffin=\box50
\l__coffin_aligned_coffin=\box51
\l__coffin_aligned_internal_coffin=\box52
\l_tmpa_coffin=\box53
\l_tmpb_coffin=\box54
\l__coffin_display_coffin=\box55
\l__coffin_display_coord_coffin=\box56
\l__coffin_display_pole_coffin=\box57
\l__coffin_display_offset_dim=\dimen148
\l__coffin_display_x_dim=\dimen149
\l__coffin_display_y_dim=\dimen150
\l__coffin_bounding_shift_dim=\dimen151
\l__coffin_left_corner_dim=\dimen152
\l__coffin_right_corner_dim=\dimen153
\l__coffin_bottom_corner_dim=\dimen154
\l__coffin_top_corner_dim=\dimen155
\l__coffin_scaled_total_height_dim=\dimen156
\l__coffin_scaled_width_dim=\dimen157
)
(/usr/share/texlive/texmf-dist/tex/latex/l3kernel/l3pdfmode.def
File: l3pdfmode.def 2017/03/18 v L3 Experimental driver: PDF mode
\l__driver_color_stack_int=\count273
\l__driver_tmp_box=\box58
))
(/usr/share/texlive/texmf-dist/tex/latex/l3packages/xparse/xparse.sty
Package: xparse 2018/02/21 L3 Experimental document command parser
\l__xparse_current_arg_int=\count274
\g__xparse_grabber_int=\count275
\l__xparse_m_args_int=\count276
\l__xparse_mandatory_args_int=\count277
\l__xparse_v_nesting_int=\count278
)
Package: xfp 2018/02/21 L3 Floating point unit
.................................................
. LaTeX info: "xparse/define-command"
. 
. Defining command \fpeval with sig. 'm' on line 38.
.................................................
.................................................
. LaTeX info: "xparse/define-command"
. 
. Defining command \inteval with sig. 'm' on line 39.
.................................................
)
(/usr/share/texlive/texmf-dist/tex/latex/caption/caption.sty
Package: caption 2016/02/21 v3.3-144 Customizing captions (AR)

(/usr/share/texlive/texmf-dist/tex/latex/caption/caption3.sty
Package: caption3 2016/05/22 v1.7-166 caption3 kernel (AR)
Package caption3 Info: TeX engine: e-TeX on input line 67.
\captionmargin=\dimen158
\captionmargin@=\dimen159
\captionwidth=\dimen160
\caption@tempdima=\dimen161
\caption@indent=\dimen162
\caption@parindent=\dimen163
\caption@hangindent=\dimen164
Package caption Info: Unknown document class (or package),
(caption)             standard defaults will be used.
)

Package caption Warning: Unsupported document class (or package) detected,
(caption)                usage of the caption package is not recommended.
See the caption package documentation for explanation.

Package caption Info: \@makecaption = \long macro:#1#2->\par \vskip \abovecapti
onskip \begingroup \small \rmfamily \sbox \@tempboxa {\let \\\heading@cr \@make
@capt@title {#1}{#2}}\@ifdim {\wd \@tempboxa >\hsize }{\begingroup \samepage \f
lushing \let \footnote \@footnotemark@gobble \@make@capt@title {#1}{#2}\par \en
dgroup }{\global \@minipagefalse \hb@xt@ \hsize {\hfil \unhbox \@tempboxa \hfil
 }}\endgroup \vskip \belowcaptionskip .
\c@ContinuedFloat=\count279
Package caption Info: hyperref package is loaded.
Package caption Info: subfigure package is loaded.
) (/usr/share/texlive/texmf-dist/tex/latex/booktabs/booktabs.sty
Package: booktabs 2016/04/27 v1.618033 publication quality tables
\heavyrulewidth=\dimen165
\lightrulewidth=\dimen166
\cmidrulewidth=\dimen167
\belowrulesep=\dimen168
\belowbottomsep=\dimen169
\aboverulesep=\dimen170
\abovetopsep=\dimen171
\cmidrulesep=\dimen172
\cmidrulekern=\dimen173
\defaultaddspace=\dimen174
\@cmidla=\count280
\@cmidlb=\count281
\@aboverulesep=\dimen175
\@belowrulesep=\dimen176
\@thisruleclass=\count282
\@lastruleclass=\count283
\@thisrulewidth=\dimen177
)
\c@quoter=\count284
Class revtex4-1 Info: Unrecognized array package. Please update this document c
lass! (Proceeding with fingers crossed.) on input line 281.
Class revtex4-1 Info: Robustifying \LaTeX's \boldmath command on input line 281
.
Class revtex4-1 Info: cite was not loaded (OK!) on input line 281.
Class revtex4-1 Info: mcite was not loaded (OK!) on input line 281.
Class revtex4-1 Info: multicol was not loaded (OK!) on input line 281.

(./article.aux)
\openout1 = `article.aux'.

LaTeX Font Info:    Checking defaults for OML/cmm/m/it on input line 281.
LaTeX Font Info:    ... okay on input line 281.
LaTeX Font Info:    Checking defaults for T1/cmr/m/n on input line 281.
LaTeX Font Info:    ... okay on input line 281.
LaTeX Font Info:    Checking defaults for OT1/cmr/m/n on input line 281.
LaTeX Font Info:    ... okay on input line 281.
LaTeX Font Info:    Checking defaults for OMS/cmsy/m/n on input line 281.
LaTeX Font Info:    ... okay on input line 281.
LaTeX Font Info:    Checking defaults for OMX/cmex/m/n on input line 281.
LaTeX Font Info:    ... okay on input line 281.
LaTeX Font Info:    Checking defaults for U/cmr/m/n on input line 281.
LaTeX Font Info:    ... okay on input line 281.
LaTeX Font Info:    Checking defaults for PD1/pdf/m/n on input line 281.
LaTeX Font Info:    ... okay on input line 281.

(/usr/share/texlive/texmf-dist/tex/context/base/mkii/supp-pdf.mkii
[Loading MPS to PDF converter (version 2006.09.02).]
\scratchcounter=\count285
\scratchdimen=\dimen178
\scratchbox=\box59
\nofMPsegments=\count286
\nofMParguments=\count287
\everyMPshowfont=\toks32
\MPscratchCnt=\count288
\MPscratchDim=\dimen179
\MPnumerator=\count289
\makeMPintoPDFobject=\count290
\everyMPtoPDFconversion=\toks33
) (/usr/share/texlive/texmf-dist/tex/latex/oberdiek/epstopdf-base.sty
Package: epstopdf-base 2016/05/15 v2.6 Base part for package epstopdf

(/usr/share/texlive/texmf-dist/tex/latex/oberdiek/grfext.sty
Package: grfext 2016/05/16 v1.2 Manage graphics extensions (HO)
)
Package epstopdf-base Info: Redefining graphics rule for `.eps' on input line 4
38.
Package grfext Info: Graphics extension search list:
(grfext)             [.pdf,.png,.jpg,.mps,.jpeg,.jbig2,.jb2,.PDF,.PNG,.JPG,.JPE
G,.JBIG2,.JB2,.eps]
(grfext)             \AppendGraphicsExtensions on input line 456.

(/usr/share/texlive/texmf-dist/tex/latex/latexconfig/epstopdf-sys.cfg
File: epstopdf-sys.cfg 2010/07/13 v1.3 Configuration of (r)epstopdf for TeX Liv
e
))
\AtBeginShipoutBox=\box60
Package hyperref Info: Link coloring OFF on input line 281.

(/usr/share/texlive/texmf-dist/tex/latex/hyperref/nameref.sty
Package: nameref 2016/05/21 v2.44 Cross-referencing by name of section

(/usr/share/texlive/texmf-dist/tex/generic/oberdiek/gettitlestring.sty
Package: gettitlestring 2016/05/16 v1.5 Cleanup title references (HO)
)
\c@section@level=\count291
)
LaTeX Info: Redefining \ref on input line 281.
LaTeX Info: Redefining \pageref on input line 281.
LaTeX Info: Redefining \nameref on input line 281.

(./article.out) (./article.out)
\@outlinefile=\write4
\openout4 = `article.out'.

Package caption Info: Begin \AtBeginDocument code.
Package caption Info: End \AtBeginDocument code.
Class revtex4-1 Info: Taking \maketitle back from hyperref on input line 281.
\openout3 = `articleNotes.bib'.

 [1{/var/lib/texmf/fonts/map/pdftex/updmap/pdftex.map}] [2] [3] [4]
LaTeX Font Info:    Try loading font information for U+msa on input line 400.
 (/usr/share/texlive/texmf-dist/tex/latex/amsfonts/umsa.fd
File: umsa.fd 2013/01/14 v3.01 AMS symbols A
)
LaTeX Font Info:    Try loading font information for U+msb on input line 400.

(/usr/share/texlive/texmf-dist/tex/latex/amsfonts/umsb.fd
File: umsb.fd 2013/01/14 v3.01 AMS symbols B
) [5] [6]

Package natbib Warning: Citation `https://ieeexplore.ieee.org/abstract/document
/8631448?casa_token=ENOe4-VIc7kAAAAA:Tp8Aatj9Rx-9UcbOXtLbqNhG33nAt7_LEb-pG4-NC6
wnQacmyRn0NqF4rrs2JGIDjgUgCNDLJaY' on page 7 undefined on input line 432.


Package natbib Warning: Citation `https://ieeexplore.ieee.org/abstract/document
/8400040' on page 7 undefined on input line 432.


Package natbib Warning: Citation `https://ieeexplore.ieee.org/abstract/document
/9007737' on page 7 undefined on input line 432.


Package natbib Warning: Citation `https://arxiv.org/abs/1912.10057' on page 7 u
ndefined on input line 432.

<./phase_diagrams/ssh1.png, id=220, 867.24pt x 867.24pt>
File: ./phase_diagrams/ssh1.png Graphic file (type png)
<use ./phase_diagrams/ssh1.png>
Package pdftex.def Info: ./phase_diagrams/ssh1.png  used on input line 435.
(pdftex.def)             Requested size: 229.49844pt x 229.48668pt.
<./phase_diagrams/ssh2.png, id=222, 867.24pt x 867.24pt>
File: ./phase_diagrams/ssh2.png Graphic file (type png)
<use ./phase_diagrams/ssh2.png>
Package pdftex.def Info: ./phase_diagrams/ssh2.png  used on input line 436.
(pdftex.def)             Requested size: 229.49844pt x 229.48668pt.
[7 <./phase_diagrams/ssh1.png> <./phase_diagrams/ssh2.png>] [8]

Package natbib Warning: Citation `scikit' on page 9 undefined on input line 478
.

<./ssh1/periodic_100_6561/scatter_train_val_test_experiment_0.png, id=270, 433.
62pt x 433.62pt>
File: ./ssh1/periodic_100_6561/scatter_train_val_test_experiment_0.png Graphic 
file (type png)
<use ./ssh1/periodic_100_6561/scatter_train_val_test_experiment_0.png>
Package pdftex.def Info: ./ssh1/periodic_100_6561/scatter_train_val_test_experi
ment_0.png  used on input line 490.
(pdftex.def)             Requested size: 163.20374pt x 163.20258pt.
<./ssh1/periodic_100_6561/scatter_winding_train_experiment_0.png, id=271, 433.6
2pt x 433.62pt>
File: ./ssh1/periodic_100_6561/scatter_winding_train_experiment_0.png Graphic f
ile (type png)
<use ./ssh1/periodic_100_6561/scatter_winding_train_experiment_0.png>
Package pdftex.def Info: ./ssh1/periodic_100_6561/scatter_winding_train_experim
ent_0.png  used on input line 491.
(pdftex.def)             Requested size: 163.20374pt x 163.20258pt.
<./ssh1/periodic_100_6561/pcolormesh_prediction_grid_experiment_0.png, id=272, 
433.62pt x 433.62pt>
File: ./ssh1/periodic_100_6561/pcolormesh_prediction_grid_experiment_0.png Grap
hic file (type png)
<use ./ssh1/periodic_100_6561/pcolormesh_prediction_grid_experiment_0.png>
Package pdftex.def Info: ./ssh1/periodic_100_6561/pcolormesh_prediction_grid_ex
periment_0.png  used on input line 492.
(pdftex.def)             Requested size: 163.20374pt x 163.20258pt.
[9]
<./ssh2/periodic_100_6561/scatter_train_val_test_experiment_0.png, id=293, 433.
62pt x 433.62pt>
File: ./ssh2/periodic_100_6561/scatter_train_val_test_experiment_0.png Graphic 
file (type png)
<use ./ssh2/periodic_100_6561/scatter_train_val_test_experiment_0.png>
Package pdftex.def Info: ./ssh2/periodic_100_6561/scatter_train_val_test_experi
ment_0.png  used on input line 510.
(pdftex.def)             Requested size: 163.20374pt x 163.20258pt.
<./ssh2/periodic_100_6561/scatter_winding_train_experiment_0.png, id=294, 433.6
2pt x 433.62pt>
File: ./ssh2/periodic_100_6561/scatter_winding_train_experiment_0.png Graphic f
ile (type png)
<use ./ssh2/periodic_100_6561/scatter_winding_train_experiment_0.png>
Package pdftex.def Info: ./ssh2/periodic_100_6561/scatter_winding_train_experim
ent_0.png  used on input line 511.
(pdftex.def)             Requested size: 163.20374pt x 163.20258pt.
<./ssh2/periodic_100_6561/pcolormesh_prediction_grid_experiment_0.png, id=295, 
433.62pt x 433.62pt>
File: ./ssh2/periodic_100_6561/pcolormesh_prediction_grid_experiment_0.png Grap
hic file (type png)
<use ./ssh2/periodic_100_6561/pcolormesh_prediction_grid_experiment_0.png>
Package pdftex.def Info: ./ssh2/periodic_100_6561/pcolormesh_prediction_grid_ex
periment_0.png  used on input line 512.
(pdftex.def)             Requested size: 163.20374pt x 163.20258pt.
 [10 <./ssh1/periodic_100_6561/scatter_train_val_test_experiment_0.png> <./ssh1
/periodic_100_6561/scatter_winding_train_experiment_0.png> <./ssh1/periodic_100
_6561/pcolormesh_prediction_grid_experiment_0.png> <./ssh2/periodic_100_6561/sc
atter_train_val_test_experiment_0.png> <./ssh2/periodic_100_6561/scatter_windin
g_train_experiment_0.png> <./ssh2/periodic_100_6561/pcolormesh_prediction_grid_
experiment_0.png>]
<./ssh1/periodic_100_6561/imshow_winding_grid_winding_0_sim.png, id=327, 867.24
pt x 867.24pt>
File: ./ssh1/periodic_100_6561/imshow_winding_grid_winding_0_sim.png Graphic fi
le (type png)
<use ./ssh1/periodic_100_6561/imshow_winding_grid_winding_0_sim.png>
Package pdftex.def Info: ./ssh1/periodic_100_6561/imshow_winding_grid_winding_0
_sim.png  used on input line 543.
(pdftex.def)             Requested size: 163.20374pt x 163.20259pt.
<./ssh1/periodic_100_6561/imshow_winding_grid_winding_1_sim.png, id=328, 867.24
pt x 867.24pt>
File: ./ssh1/periodic_100_6561/imshow_winding_grid_winding_1_sim.png Graphic fi
le (type png)
<use ./ssh1/periodic_100_6561/imshow_winding_grid_winding_1_sim.png>
Package pdftex.def Info: ./ssh1/periodic_100_6561/imshow_winding_grid_winding_1
_sim.png  used on input line 544.
(pdftex.def)             Requested size: 163.20374pt x 163.20259pt.
<./ssh1/periodic_100_6561/merge_imshow_winding_grids_second_sim.png, id=329, 86
7.24pt x 867.24pt>
File: ./ssh1/periodic_100_6561/merge_imshow_winding_grids_second_sim.png Graphi
c file (type png)
<use ./ssh1/periodic_100_6561/merge_imshow_winding_grids_second_sim.png>
Package pdftex.def Info: ./ssh1/periodic_100_6561/merge_imshow_winding_grids_se
cond_sim.png  used on input line 545.
(pdftex.def)             Requested size: 163.20374pt x 163.20259pt.
<./ssh2/periodic_100_6561/imshow_winding_grid_winding_-1_sim.png, id=332, 867.2
4pt x 867.24pt>
File: ./ssh2/periodic_100_6561/imshow_winding_grid_winding_-1_sim.png Graphic f
ile (type png)
<use ./ssh2/periodic_100_6561/imshow_winding_grid_winding_-1_sim.png>
Package pdftex.def Info: ./ssh2/periodic_100_6561/imshow_winding_grid_winding_-
1_sim.png  used on input line 552.
(pdftex.def)             Requested size: 163.20374pt x 163.20259pt.
<./ssh2/periodic_100_6561/imshow_winding_grid_winding_0_sim.png, id=333, 867.24
pt x 867.24pt>
File: ./ssh2/periodic_100_6561/imshow_winding_grid_winding_0_sim.png Graphic fi
le (type png)
<use ./ssh2/periodic_100_6561/imshow_winding_grid_winding_0_sim.png>
Package pdftex.def Info: ./ssh2/periodic_100_6561/imshow_winding_grid_winding_0
_sim.png  used on input line 553.
(pdftex.def)             Requested size: 163.20374pt x 163.20259pt.
<./ssh2/periodic_100_6561/imshow_winding_grid_winding_1_sim.png, id=334, 867.24
pt x 867.24pt>
File: ./ssh2/periodic_100_6561/imshow_winding_grid_winding_1_sim.png Graphic fi
le (type png)
<use ./ssh2/periodic_100_6561/imshow_winding_grid_winding_1_sim.png>
Package pdftex.def Info: ./ssh2/periodic_100_6561/imshow_winding_grid_winding_1
_sim.png  used on input line 554.
(pdftex.def)             Requested size: 163.20374pt x 163.20259pt.
<./ssh2/periodic_100_6561/imshow_winding_grid_winding_2_sim.png, id=335, 867.24
pt x 867.24pt>
File: ./ssh2/periodic_100_6561/imshow_winding_grid_winding_2_sim.png Graphic fi
le (type png)
<use ./ssh2/periodic_100_6561/imshow_winding_grid_winding_2_sim.png>
Package pdftex.def Info: ./ssh2/periodic_100_6561/imshow_winding_grid_winding_2
_sim.png  used on input line 555.
(pdftex.def)             Requested size: 163.20374pt x 163.20259pt.
<./ssh2/periodic_100_6561/merge_imshow_winding_grids_sim.png, id=336, 867.24pt 
x 867.24pt>
File: ./ssh2/periodic_100_6561/merge_imshow_winding_grids_sim.png Graphic file 
(type png)
<use ./ssh2/periodic_100_6561/merge_imshow_winding_grids_sim.png>
Package pdftex.def Info: ./ssh2/periodic_100_6561/merge_imshow_winding_grids_si
m.png  used on input line 556.
(pdftex.def)             Requested size: 163.20374pt x 163.20259pt.
 [11 <./ssh1/periodic_100_6561/imshow_winding_grid_winding_0_sim.png> <./ssh1/p
eriodic_100_6561/imshow_winding_grid_winding_1_sim.png> <./ssh1/periodic_100_65
61/merge_imshow_winding_grids_second_sim.png>] [12 <./ssh2/periodic_100_6561/im
show_winding_grid_winding_-1_sim.png> <./ssh2/periodic_100_6561/imshow_winding_
grid_winding_0_sim.png> <./ssh2/periodic_100_6561/imshow_winding_grid_winding_1
_sim.png> <./ssh2/periodic_100_6561/imshow_winding_grid_winding_2_sim.png> <./s
sh2/periodic_100_6561/merge_imshow_winding_grids_sim.png>]

Package caption Warning: \label without proper reference on input line 655.
See the caption package documentation for explanation.


LaTeX Warning: Reference `numerical_results' on page 13 undefined on input line
 599.


LaTeX Warning: Reference `numerical results' on page 13 undefined on input line
 608.


Package caption Warning: \label without proper reference on input line 655.
See the caption package documentation for explanation.


LaTeX Warning: Reference `numerical_results' on page 13 undefined on input line
 610.


Package caption Warning: \label without proper reference on input line 655.
See the caption package documentation for explanation.


LaTeX Warning: Reference `numerical_results' on page 13 undefined on input line
 622.

LaTeX Font Info:    Try loading font information for U+bbm on input line 627.
(/usr/share/texlive/texmf-dist/tex/latex/bbm-macros/ubbm.fd
File: ubbm.fd 1999/03/15 V 1.2 Font definition for bbm font - TH
) [13]

Package caption Warning: \label without proper reference on input line 655.
See the caption package documentation for explanation.


LaTeX Warning: Reference `numerical_results' on page 14 undefined on input line
 633.


Package caption Warning: \label without proper reference on input line 655.
See the caption package documentation for explanation.


LaTeX Warning: Reference `numerical_results' on page 14 undefined on input line
 635.

[14] [15] [16]

Package natbib Warning: Citation `ml_interpretability' on page 17 undefined on 
input line 809.


Package natbib Warning: Citation `ml_interpretability' on page 17 undefined on 
input line 809.

[17]
<./ssh1/periodic_100_6561/plot_feature_importances.png, id=493, 867.24pt x 867.
24pt>
File: ./ssh1/periodic_100_6561/plot_feature_importances.png Graphic file (type 
png)
<use ./ssh1/periodic_100_6561/plot_feature_importances.png>
Package pdftex.def Info: ./ssh1/periodic_100_6561/plot_feature_importances.png 
 used on input line 823.
(pdftex.def)             Requested size: 249.9028pt x 249.89197pt.
<./ssh2/periodic_100_6561/plot_feature_importances.png, id=494, 867.24pt x 867.
24pt>
File: ./ssh2/periodic_100_6561/plot_feature_importances.png Graphic file (type 
png)
<use ./ssh2/periodic_100_6561/plot_feature_importances.png>
Package pdftex.def Info: ./ssh2/periodic_100_6561/plot_feature_importances.png 
 used on input line 824.
(pdftex.def)             Requested size: 249.9028pt x 249.89197pt.


LaTeX Warning: Reference `LastBibItem' on page 18 undefined on input line 847.

[18 <./ssh1/periodic_100_6561/plot_feature_importances.png> <./ssh2/periodic_10
0_6561/plot_feature_importances.png>] [19]
No file article.bbl.

Package natbib Warning: There were undefined citations.

[20]
Package atveryend Info: Empty hook `AfterLastShipout' on input line 1472.
 (./article.aux)
Package atveryend Info: Executing hook `AtVeryEndDocument' on input line 1472.
Package atveryend Info: Executing hook `AtEndAfterFileList' on input line 1472.

Package rerunfilecheck Info: File `article.out' has not changed.
(rerunfilecheck)             Checksum: BE4E547B96AFC8B1F6B37BC2B56E978E;1507.


LaTeX Warning: There were undefined references.

 ) 
Here is how much of TeX's memory you used:
 19416 strings out of 492982
 336453 string characters out of 6134897
 425084 words of memory out of 5000000
 22601 multiletter control sequences out of 15000+600000
 553468 words of font info for 86 fonts, out of 8000000 for 9000
 1141 hyphenation exceptions out of 8191
 36i,10n,56p,10448b,539s stack positions out of 5000i,500n,10000p,200000b,80000s
 </home/rio/.texlive2017/texmf-var/fonts/pk/ljfour/public/bbm/bbm10.600pk>{/u
sr/share/texmf/fonts/enc/dvips/cm-super/cm-super-t1.enc}</usr/share/texlive/tex
mf-dist/fonts/type1/public/amsfonts/cm/cmbx10.pfb></usr/share/texlive/texmf-dis
t/fonts/type1/public/amsfonts/cm/cmex10.pfb></usr/share/texlive/texmf-dist/font
s/type1/public/amsfonts/cm/cmmi10.pfb></usr/share/texlive/texmf-dist/fonts/type
1/public/amsfonts/cm/cmmi5.pfb></usr/share/texlive/texmf-dist/fonts/type1/publi
c/amsfonts/cm/cmmi6.pfb></usr/share/texlive/texmf-dist/fonts/type1/public/amsfo
nts/cm/cmmi7.pfb></usr/share/texlive/texmf-dist/fonts/type1/public/amsfonts/cm/
cmmi8.pfb></usr/share/texlive/texmf-dist/fonts/type1/public/amsfonts/cm/cmmi9.p
fb></usr/share/texlive/texmf-dist/fonts/type1/public/amsfonts/cm/cmr10.pfb></us
r/share/texlive/texmf-dist/fonts/type1/public/amsfonts/cm/cmr5.pfb></usr/share/
texlive/texmf-dist/fonts/type1/public/amsfonts/cm/cmr6.pfb></usr/share/texlive/
texmf-dist/fonts/type1/public/amsfonts/cm/cmr7.pfb></usr/share/texlive/texmf-di
st/fonts/type1/public/amsfonts/cm/cmr8.pfb></usr/share/texlive/texmf-dist/fonts
/type1/public/amsfonts/cm/cmr9.pfb></usr/share/texlive/texmf-dist/fonts/type1/p
ublic/amsfonts/cm/cmsy10.pfb></usr/share/texlive/texmf-dist/fonts/type1/public/
amsfonts/cm/cmsy6.pfb></usr/share/texlive/texmf-dist/fonts/type1/public/amsfont
s/cm/cmsy7.pfb></usr/share/texlive/texmf-dist/fonts/type1/public/amsfonts/cm/cm
sy8.pfb></usr/share/texlive/texmf-dist/fonts/type1/public/amsfonts/symbols/msbm
10.pfb></usr/share/texmf/fonts/type1/public/cm-super/sfbi1000.pfb></usr/share/t
exmf/fonts/type1/public/cm-super/sfbx0800.pfb></usr/share/texmf/fonts/type1/pub
lic/cm-super/sfbx0900.pfb></usr/share/texmf/fonts/type1/public/cm-super/sfbx100
0.pfb></usr/share/texmf/fonts/type1/public/cm-super/sfbx1200.pfb></usr/share/te
xmf/fonts/type1/public/cm-super/sfrm0700.pfb></usr/share/texmf/fonts/type1/publ
ic/cm-super/sfrm0800.pfb></usr/share/texmf/fonts/type1/public/cm-super/sfrm0900
.pfb></usr/share/texmf/fonts/type1/public/cm-super/sfrm1000.pfb></usr/share/tex
mf/fonts/type1/public/cm-super/sfti0900.pfb></usr/share/texmf/fonts/type1/publi
c/cm-super/sfti1000.pfb>
Output written on article.pdf (20 pages, 1124738 bytes).
PDF statistics:
 685 PDF objects out of 1000 (max. 8388607)
 574 compressed objects within 6 object streams
 160 named destinations out of 1000 (max. 500000)
 251 words of extra memory for PDF output out of 10000 (max. 10000000)

